[3.491s] Invoking command in '/home/ssafy/ros2_ws/src/my_bot': PYTHONPATH=/home/ssafy/ros2_ws/build/my_bot/prefix_override:/usr/lib/python3/dist-packages/colcon_core/task/python/colcon_distutils_commands:/home/ssafy/ros2_ws/install/my_bot/lib/python3.10/site-packages:${PYTHONPATH} /usr/bin/python3 -W ignore:setup.py install is deprecated -W ignore:easy_install command is deprecated setup.py egg_info --egg-base ../../build/my_bot build --build-base /home/ssafy/ros2_ws/build/my_bot/build install --record /home/ssafy/ros2_ws/build/my_bot/install.log --single-version-externally-managed install_data
[4.971s] running egg_info
[4.974s] writing ../../build/my_bot/my_bot.egg-info/PKG-INFO
[4.975s] writing dependency_links to ../../build/my_bot/my_bot.egg-info/dependency_links.txt
[4.976s] writing entry points to ../../build/my_bot/my_bot.egg-info/entry_points.txt
[4.977s] writing requirements to ../../build/my_bot/my_bot.egg-info/requires.txt
[4.978s] writing top-level names to ../../build/my_bot/my_bot.egg-info/top_level.txt
[4.988s] reading manifest file '../../build/my_bot/my_bot.egg-info/SOURCES.txt'
[4.992s] writing manifest file '../../build/my_bot/my_bot.egg-info/SOURCES.txt'
[4.993s] running build
[4.994s] running build_py
[4.995s] running install
[4.997s] running install_lib
[5.007s] running install_data
[5.008s] running install_egg_info
[5.014s] removing '/home/ssafy/ros2_ws/install/my_bot/lib/python3.10/site-packages/my_bot-0.0.0-py3.10.egg-info' (and everything under it)
[5.016s] Copying ../../build/my_bot/my_bot.egg-info to /home/ssafy/ros2_ws/install/my_bot/lib/python3.10/site-packages/my_bot-0.0.0-py3.10.egg-info
[5.021s] running install_scripts
[5.099s] Installing serial_bridge script to /home/ssafy/ros2_ws/install/my_bot/lib/my_bot
[5.101s] writing list of installed files to '/home/ssafy/ros2_ws/build/my_bot/install.log'
[5.221s] Invoked command in '/home/ssafy/ros2_ws/src/my_bot' returned '0': PYTHONPATH=/home/ssafy/ros2_ws/build/my_bot/prefix_override:/usr/lib/python3/dist-packages/colcon_core/task/python/colcon_distutils_commands:/home/ssafy/ros2_ws/install/my_bot/lib/python3.10/site-packages:${PYTHONPATH} /usr/bin/python3 -W ignore:setup.py install is deprecated -W ignore:easy_install command is deprecated setup.py egg_info --egg-base ../../build/my_bot build --build-base /home/ssafy/ros2_ws/build/my_bot/build install --record /home/ssafy/ros2_ws/build/my_bot/install.log --single-version-externally-managed install_data
