[0.663s] DEBUG:colcon:Command line arguments: ['/usr/bin/colcon', 'build', '--packages-select', 'my_bot']
[0.663s] DEBUG:colcon:Parsed command line arguments: Namespace(log_base=None, log_level=None, verb_name='build', build_base='build', install_base='install', merge_install=False, symlink_install=False, test_result_base=None, continue_on_error=False, executor='parallel', parallel_workers=4, event_handlers=None, ignore_user_meta=False, metas=['./colcon.meta'], base_paths=['.'], packages_ignore=None, packages_ignore_regex=None, paths=None, packages_up_to=None, packages_up_to_regex=None, packages_above=None, packages_above_and_dependencies=None, packages_above_depth=None, packages_select_by_dep=None, packages_skip_by_dep=None, packages_skip_up_to=None, packages_select_build_failed=False, packages_skip_build_finished=False, packages_select_test_failures=False, packages_skip_test_passed=False, packages_select=['my_bot'], packages_skip=None, packages_select_regex=None, packages_skip_regex=None, packages_start=None, packages_end=None, allow_overriding=[], cmake_args=None, cmake_target=None, cmake_target_skip_unavailable=False, cmake_clean_cache=False, cmake_clean_first=False, cmake_force_configure=False, ament_cmake_args=None, catkin_cmake_args=None, catkin_skip_building_tests=False, verb_parser=<colcon_defaults.argument_parser.defaults.DefaultArgumentsDecorator object at 0xffffb2bfbcd0>, verb_extension=<colcon_core.verb.build.BuildVerb object at 0xffffb2ded180>, main=<bound method BuildVerb.main of <colcon_core.verb.build.BuildVerb object at 0xffffb2ded180>>)
[1.631s] Level 1:colcon.colcon_core.package_discovery:discover_packages(colcon_meta) check parameters
[1.631s] Level 1:colcon.colcon_core.package_discovery:discover_packages(recursive) check parameters
[1.632s] Level 1:colcon.colcon_core.package_discovery:discover_packages(ignore) check parameters
[1.632s] Level 1:colcon.colcon_core.package_discovery:discover_packages(path) check parameters
[1.632s] Level 1:colcon.colcon_core.package_discovery:discover_packages(colcon_meta) discover
[1.632s] Level 1:colcon.colcon_core.package_discovery:discover_packages(recursive) discover
[1.632s] INFO:colcon.colcon_core.package_discovery:Crawling recursively for packages in '/home/ssafy/ros2_ws/src'
[1.633s] Level 1:colcon.colcon_core.package_identification:_identify(.) by extensions ['ignore', 'ignore_ament_install']
[1.633s] Level 1:colcon.colcon_core.package_identification:_identify(.) by extension 'ignore'
[1.633s] Level 1:colcon.colcon_core.package_identification:_identify(.) by extension 'ignore_ament_install'
[1.634s] Level 1:colcon.colcon_core.package_identification:_identify(.) by extensions ['colcon_pkg']
[1.634s] Level 1:colcon.colcon_core.package_identification:_identify(.) by extension 'colcon_pkg'
[1.634s] Level 1:colcon.colcon_core.package_identification:_identify(.) by extensions ['colcon_meta']
[1.634s] Level 1:colcon.colcon_core.package_identification:_identify(.) by extension 'colcon_meta'
[1.634s] Level 1:colcon.colcon_core.package_identification:_identify(.) by extensions ['ros']
[1.634s] Level 1:colcon.colcon_core.package_identification:_identify(.) by extension 'ros'
[1.681s] Level 1:colcon.colcon_core.package_identification:_identify(.) by extensions ['cmake', 'python']
[1.682s] Level 1:colcon.colcon_core.package_identification:_identify(.) by extension 'cmake'
[1.682s] Level 1:colcon.colcon_core.package_identification:_identify(.) by extension 'python'
[1.682s] Level 1:colcon.colcon_core.package_identification:_identify(.) by extensions ['python_setup_py']
[1.682s] Level 1:colcon.colcon_core.package_identification:_identify(.) by extension 'python_setup_py'
[1.683s] Level 1:colcon.colcon_core.package_identification:_identify(build) by extensions ['ignore', 'ignore_ament_install']
[1.683s] Level 1:colcon.colcon_core.package_identification:_identify(build) by extension 'ignore'
[1.683s] Level 1:colcon.colcon_core.package_identification:_identify(build) ignored
[1.684s] Level 1:colcon.colcon_core.package_identification:_identify(install) by extensions ['ignore', 'ignore_ament_install']
[1.684s] Level 1:colcon.colcon_core.package_identification:_identify(install) by extension 'ignore'
[1.684s] Level 1:colcon.colcon_core.package_identification:_identify(install) ignored
[1.685s] Level 1:colcon.colcon_core.package_identification:_identify(log) by extensions ['ignore', 'ignore_ament_install']
[1.685s] Level 1:colcon.colcon_core.package_identification:_identify(log) by extension 'ignore'
[1.685s] Level 1:colcon.colcon_core.package_identification:_identify(log) ignored
[1.686s] Level 1:colcon.colcon_core.package_identification:_identify(my_bot) by extensions ['ignore', 'ignore_ament_install']
[1.686s] Level 1:colcon.colcon_core.package_identification:_identify(my_bot) by extension 'ignore'
[1.686s] Level 1:colcon.colcon_core.package_identification:_identify(my_bot) by extension 'ignore_ament_install'
[1.687s] Level 1:colcon.colcon_core.package_identification:_identify(my_bot) by extensions ['colcon_pkg']
[1.687s] Level 1:colcon.colcon_core.package_identification:_identify(my_bot) by extension 'colcon_pkg'
[1.687s] Level 1:colcon.colcon_core.package_identification:_identify(my_bot) by extensions ['colcon_meta']
[1.687s] Level 1:colcon.colcon_core.package_identification:_identify(my_bot) by extension 'colcon_meta'
[1.687s] Level 1:colcon.colcon_core.package_identification:_identify(my_bot) by extensions ['ros']
[1.687s] Level 1:colcon.colcon_core.package_identification:_identify(my_bot) by extension 'ros'
[1.697s] DEBUG:colcon.colcon_core.package_identification:Package 'my_bot' with type 'ros.ament_python' and name 'my_bot'
[1.698s] Level 1:colcon.colcon_core.package_identification:_identify(sllidar_ros2) by extensions ['ignore', 'ignore_ament_install']
[1.698s] Level 1:colcon.colcon_core.package_identification:_identify(sllidar_ros2) by extension 'ignore'
[1.699s] Level 1:colcon.colcon_core.package_identification:_identify(sllidar_ros2) by extension 'ignore_ament_install'
[1.699s] Level 1:colcon.colcon_core.package_identification:_identify(sllidar_ros2) by extensions ['colcon_pkg']
[1.699s] Level 1:colcon.colcon_core.package_identification:_identify(sllidar_ros2) by extension 'colcon_pkg'
[1.699s] Level 1:colcon.colcon_core.package_identification:_identify(sllidar_ros2) by extensions ['colcon_meta']
[1.699s] Level 1:colcon.colcon_core.package_identification:_identify(sllidar_ros2) by extension 'colcon_meta'
[1.699s] Level 1:colcon.colcon_core.package_identification:_identify(sllidar_ros2) by extensions ['ros']
[1.700s] Level 1:colcon.colcon_core.package_identification:_identify(sllidar_ros2) by extension 'ros'
[1.702s] DEBUG:colcon.colcon_core.package_identification:Package 'sllidar_ros2' with type 'ros.ament_cmake' and name 'sllidar_ros2'
[1.702s] Level 1:colcon.colcon_core.package_discovery:discover_packages(recursive) using defaults
[1.703s] Level 1:colcon.colcon_core.package_discovery:discover_packages(ignore) discover
[1.703s] Level 1:colcon.colcon_core.package_discovery:discover_packages(ignore) using defaults
[1.703s] Level 1:colcon.colcon_core.package_discovery:discover_packages(path) discover
[1.703s] Level 1:colcon.colcon_core.package_discovery:discover_packages(path) using defaults
[1.783s] INFO:colcon.colcon_core.package_selection:Skipping not selected package 'sllidar_ros2' in 'sllidar_ros2'
[1.785s] Level 1:colcon.colcon_core.package_discovery:discover_packages(prefix_path) check parameters
[1.785s] Level 1:colcon.colcon_core.package_discovery:discover_packages(prefix_path) discover
[1.829s] DEBUG:colcon.colcon_installed_package_information.package_discovery:Found 1 installed packages in /home/ssafy/ros2_ws/install
[1.839s] DEBUG:colcon.colcon_installed_package_information.package_discovery:Found 320 installed packages in /opt/ros/humble
[1.846s] Level 1:colcon.colcon_core.package_discovery:discover_packages(prefix_path) using defaults
[2.080s] Level 5:colcon.colcon_core.verb:set package 'my_bot' build argument 'cmake_args' from command line to 'None'
[2.081s] Level 5:colcon.colcon_core.verb:set package 'my_bot' build argument 'cmake_target' from command line to 'None'
[2.081s] Level 5:colcon.colcon_core.verb:set package 'my_bot' build argument 'cmake_target_skip_unavailable' from command line to 'False'
[2.081s] Level 5:colcon.colcon_core.verb:set package 'my_bot' build argument 'cmake_clean_cache' from command line to 'False'
[2.081s] Level 5:colcon.colcon_core.verb:set package 'my_bot' build argument 'cmake_clean_first' from command line to 'False'
[2.081s] Level 5:colcon.colcon_core.verb:set package 'my_bot' build argument 'cmake_force_configure' from command line to 'False'
[2.081s] Level 5:colcon.colcon_core.verb:set package 'my_bot' build argument 'ament_cmake_args' from command line to 'None'
[2.081s] Level 5:colcon.colcon_core.verb:set package 'my_bot' build argument 'catkin_cmake_args' from command line to 'None'
[2.082s] Level 5:colcon.colcon_core.verb:set package 'my_bot' build argument 'catkin_skip_building_tests' from command line to 'False'
[2.082s] DEBUG:colcon.colcon_core.verb:Building package 'my_bot' with the following arguments: {'ament_cmake_args': None, 'build_base': '/home/ssafy/ros2_ws/src/build/my_bot', 'catkin_cmake_args': None, 'catkin_skip_building_tests': False, 'cmake_args': None, 'cmake_clean_cache': False, 'cmake_clean_first': False, 'cmake_force_configure': False, 'cmake_target': None, 'cmake_target_skip_unavailable': False, 'install_base': '/home/ssafy/ros2_ws/src/install/my_bot', 'merge_install': False, 'path': '/home/ssafy/ros2_ws/src/my_bot', 'symlink_install': False, 'test_result_base': None}
[2.082s] INFO:colcon.colcon_core.executor:Executing jobs using 'parallel' executor
[2.086s] DEBUG:colcon.colcon_parallel_executor.executor.parallel:run_until_complete
[2.087s] INFO:colcon.colcon_ros.task.ament_python.build:Building ROS package in '/home/ssafy/ros2_ws/src/my_bot' with build type 'ament_python'
[2.088s] Level 1:colcon.colcon_core.shell:create_environment_hook('my_bot', 'ament_prefix_path')
[2.099s] INFO:colcon.colcon_core.plugin_system:Skipping extension 'colcon_core.shell.bat': Not used on non-Windows systems
[2.100s] INFO:colcon.colcon_core.shell:Creating environment hook '/home/ssafy/ros2_ws/src/install/my_bot/share/my_bot/hook/ament_prefix_path.ps1'
[2.103s] INFO:colcon.colcon_core.shell:Creating environment descriptor '/home/ssafy/ros2_ws/src/install/my_bot/share/my_bot/hook/ament_prefix_path.dsv'
[2.106s] INFO:colcon.colcon_core.shell:Creating environment hook '/home/ssafy/ros2_ws/src/install/my_bot/share/my_bot/hook/ament_prefix_path.sh'
[2.110s] INFO:colcon.colcon_core.shell:Skip shell extension 'powershell' for command environment: Not usable outside of PowerShell
[2.110s] DEBUG:colcon.colcon_core.shell:Skip shell extension 'dsv' for command environment
[3.693s] INFO:colcon.colcon_core.task.python.build:Building Python package in '/home/ssafy/ros2_ws/src/my_bot'
[3.694s] INFO:colcon.colcon_core.shell:Skip shell extension 'powershell' for command environment: Not usable outside of PowerShell
[3.694s] DEBUG:colcon.colcon_core.shell:Skip shell extension 'dsv' for command environment
[5.600s] DEBUG:colcon.colcon_core.event_handler.log_command:Invoking command in '/home/ssafy/ros2_ws/src/my_bot': PYTHONPATH=/home/ssafy/ros2_ws/src/build/my_bot/prefix_override:/usr/lib/python3/dist-packages/colcon_core/task/python/colcon_distutils_commands:/home/ssafy/ros2_ws/src/install/my_bot/lib/python3.10/site-packages:${PYTHONPATH} /usr/bin/python3 -W ignore:setup.py install is deprecated -W ignore:easy_install command is deprecated setup.py egg_info --egg-base ../build/my_bot build --build-base /home/ssafy/ros2_ws/src/build/my_bot/build install --record /home/ssafy/ros2_ws/src/build/my_bot/install.log --single-version-externally-managed install_data
[7.370s] DEBUG:colcon.colcon_core.event_handler.log_command:Invoked command in '/home/ssafy/ros2_ws/src/my_bot' returned '0': PYTHONPATH=/home/ssafy/ros2_ws/src/build/my_bot/prefix_override:/usr/lib/python3/dist-packages/colcon_core/task/python/colcon_distutils_commands:/home/ssafy/ros2_ws/src/install/my_bot/lib/python3.10/site-packages:${PYTHONPATH} /usr/bin/python3 -W ignore:setup.py install is deprecated -W ignore:easy_install command is deprecated setup.py egg_info --egg-base ../build/my_bot build --build-base /home/ssafy/ros2_ws/src/build/my_bot/build install --record /home/ssafy/ros2_ws/src/build/my_bot/install.log --single-version-externally-managed install_data
[7.372s] Level 1:colcon.colcon_core.environment:checking '/home/ssafy/ros2_ws/src/install/my_bot' for CMake module files
[7.375s] Level 1:colcon.colcon_core.environment:checking '/home/ssafy/ros2_ws/src/install/my_bot' for CMake config files
[7.380s] Level 1:colcon.colcon_core.environment:checking '/home/ssafy/ros2_ws/src/install/my_bot/lib'
[7.381s] Level 1:colcon.colcon_core.environment:checking '/home/ssafy/ros2_ws/src/install/my_bot/bin'
[7.381s] Level 1:colcon.colcon_core.environment:checking '/home/ssafy/ros2_ws/src/install/my_bot/lib/pkgconfig/my_bot.pc'
[7.383s] Level 1:colcon.colcon_core.environment:checking '/home/ssafy/ros2_ws/src/install/my_bot/lib/python3.10/site-packages'
[7.383s] Level 1:colcon.colcon_core.shell:create_environment_hook('my_bot', 'pythonpath')
[7.384s] INFO:colcon.colcon_core.shell:Creating environment hook '/home/ssafy/ros2_ws/src/install/my_bot/share/my_bot/hook/pythonpath.ps1'
[7.387s] INFO:colcon.colcon_core.shell:Creating environment descriptor '/home/ssafy/ros2_ws/src/install/my_bot/share/my_bot/hook/pythonpath.dsv'
[7.389s] INFO:colcon.colcon_core.shell:Creating environment hook '/home/ssafy/ros2_ws/src/install/my_bot/share/my_bot/hook/pythonpath.sh'
[7.393s] Level 1:colcon.colcon_core.environment:checking '/home/ssafy/ros2_ws/src/install/my_bot/bin'
[7.393s] Level 1:colcon.colcon_core.environment:create_environment_scripts_only(my_bot)
[7.395s] INFO:colcon.colcon_core.shell:Creating package script '/home/ssafy/ros2_ws/src/install/my_bot/share/my_bot/package.ps1'
[7.399s] INFO:colcon.colcon_core.shell:Creating package descriptor '/home/ssafy/ros2_ws/src/install/my_bot/share/my_bot/package.dsv'
[7.403s] INFO:colcon.colcon_core.shell:Creating package script '/home/ssafy/ros2_ws/src/install/my_bot/share/my_bot/package.sh'
[7.406s] INFO:colcon.colcon_core.shell:Creating package script '/home/ssafy/ros2_ws/src/install/my_bot/share/my_bot/package.bash'
[7.410s] INFO:colcon.colcon_core.shell:Creating package script '/home/ssafy/ros2_ws/src/install/my_bot/share/my_bot/package.zsh'
[7.415s] Level 1:colcon.colcon_core.environment:create_file_with_runtime_dependencies(/home/ssafy/ros2_ws/src/install/my_bot/share/colcon-core/packages/my_bot)
[7.417s] DEBUG:colcon.colcon_parallel_executor.executor.parallel:closing loop
[7.418s] DEBUG:colcon.colcon_parallel_executor.executor.parallel:loop closed
[7.419s] DEBUG:colcon.colcon_parallel_executor.executor.parallel:run_until_complete finished with '0'
[7.419s] DEBUG:colcon.colcon_core.event_reactor:joining thread
[7.442s] INFO:colcon.colcon_core.plugin_system:Skipping extension 'colcon_notification.desktop_notification.terminal_notifier': Not used on non-Darwin systems
[7.442s] INFO:colcon.colcon_core.plugin_system:Skipping extension 'colcon_notification.desktop_notification.win32': Not used on non-Windows systems
[7.443s] INFO:colcon.colcon_notification.desktop_notification:Sending desktop notification using 'notify2'
[7.451s] DEBUG:colcon.colcon_notification.desktop_notification.notify2:Failed to initialize notify2: org.freedesktop.DBus.Error.ServiceUnknown: The name org.freedesktop.Notifications was not provided by any .service files
[7.451s] DEBUG:colcon.colcon_core.event_reactor:joined thread
[7.453s] INFO:colcon.colcon_core.shell:Creating prefix script '/home/ssafy/ros2_ws/src/install/local_setup.ps1'
[7.459s] INFO:colcon.colcon_core.shell:Creating prefix util module '/home/ssafy/ros2_ws/src/install/_local_setup_util_ps1.py'
[7.468s] INFO:colcon.colcon_core.shell:Creating prefix chain script '/home/ssafy/ros2_ws/src/install/setup.ps1'
[7.475s] INFO:colcon.colcon_core.shell:Creating prefix script '/home/ssafy/ros2_ws/src/install/local_setup.sh'
[7.478s] INFO:colcon.colcon_core.shell:Creating prefix util module '/home/ssafy/ros2_ws/src/install/_local_setup_util_sh.py'
[7.480s] INFO:colcon.colcon_core.shell:Creating prefix chain script '/home/ssafy/ros2_ws/src/install/setup.sh'
[7.485s] INFO:colcon.colcon_core.shell:Creating prefix script '/home/ssafy/ros2_ws/src/install/local_setup.bash'
[7.488s] INFO:colcon.colcon_core.shell:Creating prefix chain script '/home/ssafy/ros2_ws/src/install/setup.bash'
[7.492s] INFO:colcon.colcon_core.shell:Creating prefix script '/home/ssafy/ros2_ws/src/install/local_setup.zsh'
[7.495s] INFO:colcon.colcon_core.shell:Creating prefix chain script '/home/ssafy/ros2_ws/src/install/setup.zsh'
