[0.875s] DEBUG:colcon:Command line arguments: ['/usr/bin/colcon', 'build', '--packages-select', 'my_bot']
[0.876s] DEBUG:colcon:Parsed command line arguments: Namespace(log_base=None, log_level=None, verb_name='build', build_base='build', install_base='install', merge_install=False, symlink_install=False, test_result_base=None, continue_on_error=False, executor='parallel', parallel_workers=4, event_handlers=None, ignore_user_meta=False, metas=['./colcon.meta'], base_paths=['.'], packages_ignore=None, packages_ignore_regex=None, paths=None, packages_up_to=None, packages_up_to_regex=None, packages_above=None, packages_above_and_dependencies=None, packages_above_depth=None, packages_select_by_dep=None, packages_skip_by_dep=None, packages_skip_up_to=None, packages_select_build_failed=False, packages_skip_build_finished=False, packages_select_test_failures=False, packages_skip_test_passed=False, packages_select=['my_bot'], packages_skip=None, packages_select_regex=None, packages_skip_regex=None, packages_start=None, packages_end=None, allow_overriding=[], cmake_args=None, cmake_target=None, cmake_target_skip_unavailable=False, cmake_clean_cache=False, cmake_clean_first=False, cmake_force_configure=False, ament_cmake_args=None, catkin_cmake_args=None, catkin_skip_building_tests=False, verb_parser=<colcon_defaults.argument_parser.defaults.DefaultArgumentsDecorator object at 0xffff9996bcd0>, verb_extension=<colcon_core.verb.build.BuildVerb object at 0xffff99b5d180>, main=<bound method BuildVerb.main of <colcon_core.verb.build.BuildVerb object at 0xffff99b5d180>>)
[2.543s] Level 1:colcon.colcon_core.package_discovery:discover_packages(colcon_meta) check parameters
[2.543s] Level 1:colcon.colcon_core.package_discovery:discover_packages(recursive) check parameters
[2.544s] Level 1:colcon.colcon_core.package_discovery:discover_packages(ignore) check parameters
[2.544s] Level 1:colcon.colcon_core.package_discovery:discover_packages(path) check parameters
[2.544s] Level 1:colcon.colcon_core.package_discovery:discover_packages(colcon_meta) discover
[2.544s] Level 1:colcon.colcon_core.package_discovery:discover_packages(recursive) discover
[2.545s] INFO:colcon.colcon_core.package_discovery:Crawling recursively for packages in '/home/ssafy/ros2_ws'
[2.545s] Level 1:colcon.colcon_core.package_identification:_identify(.) by extensions ['ignore', 'ignore_ament_install']
[2.546s] Level 1:colcon.colcon_core.package_identification:_identify(.) by extension 'ignore'
[2.546s] Level 1:colcon.colcon_core.package_identification:_identify(.) by extension 'ignore_ament_install'
[2.547s] Level 1:colcon.colcon_core.package_identification:_identify(.) by extensions ['colcon_pkg']
[2.547s] Level 1:colcon.colcon_core.package_identification:_identify(.) by extension 'colcon_pkg'
[2.547s] Level 1:colcon.colcon_core.package_identification:_identify(.) by extensions ['colcon_meta']
[2.548s] Level 1:colcon.colcon_core.package_identification:_identify(.) by extension 'colcon_meta'
[2.549s] Level 1:colcon.colcon_core.package_identification:_identify(.) by extensions ['ros']
[2.549s] Level 1:colcon.colcon_core.package_identification:_identify(.) by extension 'ros'
[2.649s] Level 1:colcon.colcon_core.package_identification:_identify(.) by extensions ['cmake', 'python']
[2.650s] Level 1:colcon.colcon_core.package_identification:_identify(.) by extension 'cmake'
[2.650s] Level 1:colcon.colcon_core.package_identification:_identify(.) by extension 'python'
[2.650s] Level 1:colcon.colcon_core.package_identification:_identify(.) by extensions ['python_setup_py']
[2.651s] Level 1:colcon.colcon_core.package_identification:_identify(.) by extension 'python_setup_py'
[2.652s] Level 1:colcon.colcon_core.package_identification:_identify(build) by extensions ['ignore', 'ignore_ament_install']
[2.652s] Level 1:colcon.colcon_core.package_identification:_identify(build) by extension 'ignore'
[2.653s] Level 1:colcon.colcon_core.package_identification:_identify(build) ignored
[2.653s] Level 1:colcon.colcon_core.package_identification:_identify(install) by extensions ['ignore', 'ignore_ament_install']
[2.654s] Level 1:colcon.colcon_core.package_identification:_identify(install) by extension 'ignore'
[2.654s] Level 1:colcon.colcon_core.package_identification:_identify(install) ignored
[2.654s] Level 1:colcon.colcon_core.package_identification:_identify(log) by extensions ['ignore', 'ignore_ament_install']
[2.654s] Level 1:colcon.colcon_core.package_identification:_identify(log) by extension 'ignore'
[2.655s] Level 1:colcon.colcon_core.package_identification:_identify(log) ignored
[2.655s] Level 1:colcon.colcon_core.package_identification:_identify(src) by extensions ['ignore', 'ignore_ament_install']
[2.655s] Level 1:colcon.colcon_core.package_identification:_identify(src) by extension 'ignore'
[2.655s] Level 1:colcon.colcon_core.package_identification:_identify(src) by extension 'ignore_ament_install'
[2.656s] Level 1:colcon.colcon_core.package_identification:_identify(src) by extensions ['colcon_pkg']
[2.656s] Level 1:colcon.colcon_core.package_identification:_identify(src) by extension 'colcon_pkg'
[2.656s] Level 1:colcon.colcon_core.package_identification:_identify(src) by extensions ['colcon_meta']
[2.656s] Level 1:colcon.colcon_core.package_identification:_identify(src) by extension 'colcon_meta'
[2.656s] Level 1:colcon.colcon_core.package_identification:_identify(src) by extensions ['ros']
[2.656s] Level 1:colcon.colcon_core.package_identification:_identify(src) by extension 'ros'
[2.657s] Level 1:colcon.colcon_core.package_identification:_identify(src) by extensions ['cmake', 'python']
[2.657s] Level 1:colcon.colcon_core.package_identification:_identify(src) by extension 'cmake'
[2.657s] Level 1:colcon.colcon_core.package_identification:_identify(src) by extension 'python'
[2.657s] Level 1:colcon.colcon_core.package_identification:_identify(src) by extensions ['python_setup_py']
[2.657s] Level 1:colcon.colcon_core.package_identification:_identify(src) by extension 'python_setup_py'
[2.658s] Level 1:colcon.colcon_core.package_identification:_identify(src/my_bot) by extensions ['ignore', 'ignore_ament_install']
[2.658s] Level 1:colcon.colcon_core.package_identification:_identify(src/my_bot) by extension 'ignore'
[2.658s] Level 1:colcon.colcon_core.package_identification:_identify(src/my_bot) by extension 'ignore_ament_install'
[2.658s] Level 1:colcon.colcon_core.package_identification:_identify(src/my_bot) by extensions ['colcon_pkg']
[2.659s] Level 1:colcon.colcon_core.package_identification:_identify(src/my_bot) by extension 'colcon_pkg'
[2.659s] Level 1:colcon.colcon_core.package_identification:_identify(src/my_bot) by extensions ['colcon_meta']
[2.659s] Level 1:colcon.colcon_core.package_identification:_identify(src/my_bot) by extension 'colcon_meta'
[2.659s] Level 1:colcon.colcon_core.package_identification:_identify(src/my_bot) by extensions ['ros']
[2.659s] Level 1:colcon.colcon_core.package_identification:_identify(src/my_bot) by extension 'ros'
[2.679s] DEBUG:colcon.colcon_core.package_identification:Package 'src/my_bot' with type 'ros.ament_python' and name 'my_bot'
[2.681s] Level 1:colcon.colcon_core.package_identification:_identify(src/sllidar_ros2) by extensions ['ignore', 'ignore_ament_install']
[2.681s] Level 1:colcon.colcon_core.package_identification:_identify(src/sllidar_ros2) by extension 'ignore'
[2.681s] Level 1:colcon.colcon_core.package_identification:_identify(src/sllidar_ros2) by extension 'ignore_ament_install'
[2.682s] Level 1:colcon.colcon_core.package_identification:_identify(src/sllidar_ros2) by extensions ['colcon_pkg']
[2.682s] Level 1:colcon.colcon_core.package_identification:_identify(src/sllidar_ros2) by extension 'colcon_pkg'
[2.682s] Level 1:colcon.colcon_core.package_identification:_identify(src/sllidar_ros2) by extensions ['colcon_meta']
[2.682s] Level 1:colcon.colcon_core.package_identification:_identify(src/sllidar_ros2) by extension 'colcon_meta'
[2.682s] Level 1:colcon.colcon_core.package_identification:_identify(src/sllidar_ros2) by extensions ['ros']
[2.683s] Level 1:colcon.colcon_core.package_identification:_identify(src/sllidar_ros2) by extension 'ros'
[2.687s] DEBUG:colcon.colcon_core.package_identification:Package 'src/sllidar_ros2' with type 'ros.ament_cmake' and name 'sllidar_ros2'
[2.687s] Level 1:colcon.colcon_core.package_discovery:discover_packages(recursive) using defaults
[2.687s] Level 1:colcon.colcon_core.package_discovery:discover_packages(ignore) discover
[2.687s] Level 1:colcon.colcon_core.package_discovery:discover_packages(ignore) using defaults
[2.687s] Level 1:colcon.colcon_core.package_discovery:discover_packages(path) discover
[2.688s] Level 1:colcon.colcon_core.package_discovery:discover_packages(path) using defaults
[2.863s] INFO:colcon.colcon_core.package_selection:Skipping not selected package 'sllidar_ros2' in 'src/sllidar_ros2'
[2.867s] Level 1:colcon.colcon_core.package_discovery:discover_packages(prefix_path) check parameters
[2.867s] Level 1:colcon.colcon_core.package_discovery:discover_packages(prefix_path) discover
[2.939s] DEBUG:colcon.colcon_installed_package_information.package_discovery:Found 1 installed packages in /home/ssafy/ros2_ws/install
[2.952s] DEBUG:colcon.colcon_installed_package_information.package_discovery:Found 320 installed packages in /opt/ros/humble
[2.961s] Level 1:colcon.colcon_core.package_discovery:discover_packages(prefix_path) using defaults
[3.208s] Level 5:colcon.colcon_core.verb:set package 'my_bot' build argument 'cmake_args' from command line to 'None'
[3.208s] Level 5:colcon.colcon_core.verb:set package 'my_bot' build argument 'cmake_target' from command line to 'None'
[3.208s] Level 5:colcon.colcon_core.verb:set package 'my_bot' build argument 'cmake_target_skip_unavailable' from command line to 'False'
[3.209s] Level 5:colcon.colcon_core.verb:set package 'my_bot' build argument 'cmake_clean_cache' from command line to 'False'
[3.209s] Level 5:colcon.colcon_core.verb:set package 'my_bot' build argument 'cmake_clean_first' from command line to 'False'
[3.209s] Level 5:colcon.colcon_core.verb:set package 'my_bot' build argument 'cmake_force_configure' from command line to 'False'
[3.209s] Level 5:colcon.colcon_core.verb:set package 'my_bot' build argument 'ament_cmake_args' from command line to 'None'
[3.209s] Level 5:colcon.colcon_core.verb:set package 'my_bot' build argument 'catkin_cmake_args' from command line to 'None'
[3.209s] Level 5:colcon.colcon_core.verb:set package 'my_bot' build argument 'catkin_skip_building_tests' from command line to 'False'
[3.209s] DEBUG:colcon.colcon_core.verb:Building package 'my_bot' with the following arguments: {'ament_cmake_args': None, 'build_base': '/home/ssafy/ros2_ws/build/my_bot', 'catkin_cmake_args': None, 'catkin_skip_building_tests': False, 'cmake_args': None, 'cmake_clean_cache': False, 'cmake_clean_first': False, 'cmake_force_configure': False, 'cmake_target': None, 'cmake_target_skip_unavailable': False, 'install_base': '/home/ssafy/ros2_ws/install/my_bot', 'merge_install': False, 'path': '/home/ssafy/ros2_ws/src/my_bot', 'symlink_install': False, 'test_result_base': None}
[3.210s] INFO:colcon.colcon_core.executor:Executing jobs using 'parallel' executor
[3.213s] DEBUG:colcon.colcon_parallel_executor.executor.parallel:run_until_complete
[3.214s] INFO:colcon.colcon_ros.task.ament_python.build:Building ROS package in '/home/ssafy/ros2_ws/src/my_bot' with build type 'ament_python'
[3.215s] Level 1:colcon.colcon_core.shell:create_environment_hook('my_bot', 'ament_prefix_path')
[3.239s] INFO:colcon.colcon_core.plugin_system:Skipping extension 'colcon_core.shell.bat': Not used on non-Windows systems
[3.241s] INFO:colcon.colcon_core.shell:Creating environment hook '/home/ssafy/ros2_ws/install/my_bot/share/my_bot/hook/ament_prefix_path.ps1'
[3.245s] INFO:colcon.colcon_core.shell:Creating environment descriptor '/home/ssafy/ros2_ws/install/my_bot/share/my_bot/hook/ament_prefix_path.dsv'
[3.251s] INFO:colcon.colcon_core.shell:Creating environment hook '/home/ssafy/ros2_ws/install/my_bot/share/my_bot/hook/ament_prefix_path.sh'
[3.257s] INFO:colcon.colcon_core.shell:Skip shell extension 'powershell' for command environment: Not usable outside of PowerShell
[3.257s] DEBUG:colcon.colcon_core.shell:Skip shell extension 'dsv' for command environment
[4.785s] INFO:colcon.colcon_core.task.python.build:Building Python package in '/home/ssafy/ros2_ws/src/my_bot'
[4.786s] INFO:colcon.colcon_core.shell:Skip shell extension 'powershell' for command environment: Not usable outside of PowerShell
[4.786s] DEBUG:colcon.colcon_core.shell:Skip shell extension 'dsv' for command environment
[7.617s] DEBUG:colcon.colcon_core.event_handler.log_command:Invoking command in '/home/ssafy/ros2_ws/build/my_bot': PYTHONPATH=/home/ssafy/ros2_ws/build/my_bot/prefix_override:/usr/lib/python3/dist-packages/colcon_core/task/python/colcon_distutils_commands:/home/ssafy/ros2_ws/install/my_bot/lib/python3.10/site-packages:${PYTHONPATH} /usr/bin/python3 -W ignore:setup.py install is deprecated -W ignore:easy_install command is deprecated setup.py develop --uninstall --editable --build-directory /home/ssafy/ros2_ws/build/my_bot/build
[10.354s] DEBUG:colcon.colcon_core.event_handler.log_command:Invoked command in '/home/ssafy/ros2_ws/build/my_bot' returned '0': PYTHONPATH=/home/ssafy/ros2_ws/build/my_bot/prefix_override:/usr/lib/python3/dist-packages/colcon_core/task/python/colcon_distutils_commands:/home/ssafy/ros2_ws/install/my_bot/lib/python3.10/site-packages:${PYTHONPATH} /usr/bin/python3 -W ignore:setup.py install is deprecated -W ignore:easy_install command is deprecated setup.py develop --uninstall --editable --build-directory /home/ssafy/ros2_ws/build/my_bot/build
[10.356s] DEBUG:colcon.colcon_core.event_handler.log_command:Invoking command in '/home/ssafy/ros2_ws/src/my_bot': PYTHONPATH=/home/ssafy/ros2_ws/build/my_bot/prefix_override:/usr/lib/python3/dist-packages/colcon_core/task/python/colcon_distutils_commands:/home/ssafy/ros2_ws/install/my_bot/lib/python3.10/site-packages:${PYTHONPATH} /usr/bin/python3 -W ignore:setup.py install is deprecated -W ignore:easy_install command is deprecated setup.py egg_info --egg-base ../../build/my_bot build --build-base /home/ssafy/ros2_ws/build/my_bot/build install --record /home/ssafy/ros2_ws/build/my_bot/install.log --single-version-externally-managed install_data --force
[12.232s] DEBUG:colcon.colcon_core.event_handler.log_command:Invoked command in '/home/ssafy/ros2_ws/src/my_bot' returned '0': PYTHONPATH=/home/ssafy/ros2_ws/build/my_bot/prefix_override:/usr/lib/python3/dist-packages/colcon_core/task/python/colcon_distutils_commands:/home/ssafy/ros2_ws/install/my_bot/lib/python3.10/site-packages:${PYTHONPATH} /usr/bin/python3 -W ignore:setup.py install is deprecated -W ignore:easy_install command is deprecated setup.py egg_info --egg-base ../../build/my_bot build --build-base /home/ssafy/ros2_ws/build/my_bot/build install --record /home/ssafy/ros2_ws/build/my_bot/install.log --single-version-externally-managed install_data --force
[12.278s] Level 1:colcon.colcon_core.environment:checking '/home/ssafy/ros2_ws/install/my_bot' for CMake module files
[12.281s] Level 1:colcon.colcon_core.environment:checking '/home/ssafy/ros2_ws/install/my_bot' for CMake config files
[12.288s] Level 1:colcon.colcon_core.environment:checking '/home/ssafy/ros2_ws/install/my_bot/lib'
[12.289s] Level 1:colcon.colcon_core.environment:checking '/home/ssafy/ros2_ws/install/my_bot/bin'
[12.290s] Level 1:colcon.colcon_core.environment:checking '/home/ssafy/ros2_ws/install/my_bot/lib/pkgconfig/my_bot.pc'
[12.291s] Level 1:colcon.colcon_core.environment:checking '/home/ssafy/ros2_ws/install/my_bot/lib/python3.10/site-packages'
[12.292s] Level 1:colcon.colcon_core.shell:create_environment_hook('my_bot', 'pythonpath')
[12.293s] INFO:colcon.colcon_core.shell:Creating environment hook '/home/ssafy/ros2_ws/install/my_bot/share/my_bot/hook/pythonpath.ps1'
[12.298s] INFO:colcon.colcon_core.shell:Creating environment descriptor '/home/ssafy/ros2_ws/install/my_bot/share/my_bot/hook/pythonpath.dsv'
[12.300s] INFO:colcon.colcon_core.shell:Creating environment hook '/home/ssafy/ros2_ws/install/my_bot/share/my_bot/hook/pythonpath.sh'
[12.305s] Level 1:colcon.colcon_core.environment:checking '/home/ssafy/ros2_ws/install/my_bot/bin'
[12.306s] Level 1:colcon.colcon_core.environment:create_environment_scripts_only(my_bot)
[12.308s] INFO:colcon.colcon_core.shell:Creating package script '/home/ssafy/ros2_ws/install/my_bot/share/my_bot/package.ps1'
[12.314s] INFO:colcon.colcon_core.shell:Creating package descriptor '/home/ssafy/ros2_ws/install/my_bot/share/my_bot/package.dsv'
[12.318s] INFO:colcon.colcon_core.shell:Creating package script '/home/ssafy/ros2_ws/install/my_bot/share/my_bot/package.sh'
[12.322s] INFO:colcon.colcon_core.shell:Creating package script '/home/ssafy/ros2_ws/install/my_bot/share/my_bot/package.bash'
[12.328s] INFO:colcon.colcon_core.shell:Creating package script '/home/ssafy/ros2_ws/install/my_bot/share/my_bot/package.zsh'
[12.333s] Level 1:colcon.colcon_core.environment:create_file_with_runtime_dependencies(/home/ssafy/ros2_ws/install/my_bot/share/colcon-core/packages/my_bot)
[12.335s] DEBUG:colcon.colcon_parallel_executor.executor.parallel:closing loop
[12.336s] DEBUG:colcon.colcon_parallel_executor.executor.parallel:loop closed
[12.337s] DEBUG:colcon.colcon_parallel_executor.executor.parallel:run_until_complete finished with '0'
[12.338s] DEBUG:colcon.colcon_core.event_reactor:joining thread
[12.364s] INFO:colcon.colcon_core.plugin_system:Skipping extension 'colcon_notification.desktop_notification.terminal_notifier': Not used on non-Darwin systems
[12.364s] INFO:colcon.colcon_core.plugin_system:Skipping extension 'colcon_notification.desktop_notification.win32': Not used on non-Windows systems
[12.365s] INFO:colcon.colcon_notification.desktop_notification:Sending desktop notification using 'notify2'
[12.370s] DEBUG:colcon.colcon_notification.desktop_notification.notify2:Failed to initialize notify2: org.freedesktop.DBus.Error.ServiceUnknown: The name org.freedesktop.Notifications was not provided by any .service files
[12.370s] DEBUG:colcon.colcon_core.event_reactor:joined thread
[12.371s] INFO:colcon.colcon_core.shell:Creating prefix script '/home/ssafy/ros2_ws/install/local_setup.ps1'
[12.380s] INFO:colcon.colcon_core.shell:Creating prefix util module '/home/ssafy/ros2_ws/install/_local_setup_util_ps1.py'
[12.390s] INFO:colcon.colcon_core.shell:Creating prefix chain script '/home/ssafy/ros2_ws/install/setup.ps1'
[12.397s] INFO:colcon.colcon_core.shell:Creating prefix script '/home/ssafy/ros2_ws/install/local_setup.sh'
[12.401s] INFO:colcon.colcon_core.shell:Creating prefix util module '/home/ssafy/ros2_ws/install/_local_setup_util_sh.py'
[12.405s] INFO:colcon.colcon_core.shell:Creating prefix chain script '/home/ssafy/ros2_ws/install/setup.sh'
[12.412s] INFO:colcon.colcon_core.shell:Creating prefix script '/home/ssafy/ros2_ws/install/local_setup.bash'
[12.416s] INFO:colcon.colcon_core.shell:Creating prefix chain script '/home/ssafy/ros2_ws/install/setup.bash'
[12.422s] INFO:colcon.colcon_core.shell:Creating prefix script '/home/ssafy/ros2_ws/install/local_setup.zsh'
[12.426s] INFO:colcon.colcon_core.shell:Creating prefix chain script '/home/ssafy/ros2_ws/install/setup.zsh'
