[0.919s] DEBUG:colcon:Command line arguments: ['/usr/bin/colcon', 'build', '--symlink-install', '--packages-select', 'my_bot']
[0.919s] DEBUG:colcon:Parsed command line arguments: Namespace(log_base=None, log_level=None, verb_name='build', build_base='build', install_base='install', merge_install=False, symlink_install=True, test_result_base=None, continue_on_error=False, executor='parallel', parallel_workers=4, event_handlers=None, ignore_user_meta=False, metas=['./colcon.meta'], base_paths=['.'], packages_ignore=None, packages_ignore_regex=None, paths=None, packages_up_to=None, packages_up_to_regex=None, packages_above=None, packages_above_and_dependencies=None, packages_above_depth=None, packages_select_by_dep=None, packages_skip_by_dep=None, packages_skip_up_to=None, packages_select_build_failed=False, packages_skip_build_finished=False, packages_select_test_failures=False, packages_skip_test_passed=False, packages_select=['my_bot'], packages_skip=None, packages_select_regex=None, packages_skip_regex=None, packages_start=None, packages_end=None, allow_overriding=[], cmake_args=None, cmake_target=None, cmake_target_skip_unavailable=False, cmake_clean_cache=False, cmake_clean_first=False, cmake_force_configure=False, ament_cmake_args=None, catkin_cmake_args=None, catkin_skip_building_tests=False, verb_parser=<colcon_defaults.argument_parser.defaults.DefaultArgumentsDecorator object at 0xffff9b82be20>, verb_extension=<colcon_core.verb.build.BuildVerb object at 0xffff9ba152d0>, main=<bound method BuildVerb.main of <colcon_core.verb.build.BuildVerb object at 0xffff9ba152d0>>)
[2.901s] Level 1:colcon.colcon_core.package_discovery:discover_packages(colcon_meta) check parameters
[2.902s] Level 1:colcon.colcon_core.package_discovery:discover_packages(recursive) check parameters
[2.902s] Level 1:colcon.colcon_core.package_discovery:discover_packages(ignore) check parameters
[2.902s] Level 1:colcon.colcon_core.package_discovery:discover_packages(path) check parameters
[2.902s] Level 1:colcon.colcon_core.package_discovery:discover_packages(colcon_meta) discover
[2.902s] Level 1:colcon.colcon_core.package_discovery:discover_packages(recursive) discover
[2.903s] INFO:colcon.colcon_core.package_discovery:Crawling recursively for packages in '/home/ssafy/ros2_ws'
[2.903s] Level 1:colcon.colcon_core.package_identification:_identify(.) by extensions ['ignore', 'ignore_ament_install']
[2.903s] Level 1:colcon.colcon_core.package_identification:_identify(.) by extension 'ignore'
[2.904s] Level 1:colcon.colcon_core.package_identification:_identify(.) by extension 'ignore_ament_install'
[2.904s] Level 1:colcon.colcon_core.package_identification:_identify(.) by extensions ['colcon_pkg']
[2.904s] Level 1:colcon.colcon_core.package_identification:_identify(.) by extension 'colcon_pkg'
[2.904s] Level 1:colcon.colcon_core.package_identification:_identify(.) by extensions ['colcon_meta']
[2.904s] Level 1:colcon.colcon_core.package_identification:_identify(.) by extension 'colcon_meta'
[2.905s] Level 1:colcon.colcon_core.package_identification:_identify(.) by extensions ['ros']
[2.905s] Level 1:colcon.colcon_core.package_identification:_identify(.) by extension 'ros'
[2.970s] Level 1:colcon.colcon_core.package_identification:_identify(.) by extensions ['cmake', 'python']
[2.970s] Level 1:colcon.colcon_core.package_identification:_identify(.) by extension 'cmake'
[2.971s] Level 1:colcon.colcon_core.package_identification:_identify(.) by extension 'python'
[2.971s] Level 1:colcon.colcon_core.package_identification:_identify(.) by extensions ['python_setup_py']
[2.971s] Level 1:colcon.colcon_core.package_identification:_identify(.) by extension 'python_setup_py'
[2.973s] Level 1:colcon.colcon_core.package_identification:_identify(build) by extensions ['ignore', 'ignore_ament_install']
[2.973s] Level 1:colcon.colcon_core.package_identification:_identify(build) by extension 'ignore'
[2.974s] Level 1:colcon.colcon_core.package_identification:_identify(build) ignored
[2.975s] Level 1:colcon.colcon_core.package_identification:_identify(install) by extensions ['ignore', 'ignore_ament_install']
[2.975s] Level 1:colcon.colcon_core.package_identification:_identify(install) by extension 'ignore'
[2.975s] Level 1:colcon.colcon_core.package_identification:_identify(install) ignored
[2.976s] Level 1:colcon.colcon_core.package_identification:_identify(log) by extensions ['ignore', 'ignore_ament_install']
[2.977s] Level 1:colcon.colcon_core.package_identification:_identify(log) by extension 'ignore'
[2.977s] Level 1:colcon.colcon_core.package_identification:_identify(log) ignored
[2.978s] Level 1:colcon.colcon_core.package_identification:_identify(src) by extensions ['ignore', 'ignore_ament_install']
[2.978s] Level 1:colcon.colcon_core.package_identification:_identify(src) by extension 'ignore'
[2.979s] Level 1:colcon.colcon_core.package_identification:_identify(src) by extension 'ignore_ament_install'
[2.979s] Level 1:colcon.colcon_core.package_identification:_identify(src) by extensions ['colcon_pkg']
[2.979s] Level 1:colcon.colcon_core.package_identification:_identify(src) by extension 'colcon_pkg'
[2.979s] Level 1:colcon.colcon_core.package_identification:_identify(src) by extensions ['colcon_meta']
[2.980s] Level 1:colcon.colcon_core.package_identification:_identify(src) by extension 'colcon_meta'
[2.980s] Level 1:colcon.colcon_core.package_identification:_identify(src) by extensions ['ros']
[2.980s] Level 1:colcon.colcon_core.package_identification:_identify(src) by extension 'ros'
[2.981s] Level 1:colcon.colcon_core.package_identification:_identify(src) by extensions ['cmake', 'python']
[2.981s] Level 1:colcon.colcon_core.package_identification:_identify(src) by extension 'cmake'
[2.981s] Level 1:colcon.colcon_core.package_identification:_identify(src) by extension 'python'
[2.981s] Level 1:colcon.colcon_core.package_identification:_identify(src) by extensions ['python_setup_py']
[2.982s] Level 1:colcon.colcon_core.package_identification:_identify(src) by extension 'python_setup_py'
[2.985s] Level 1:colcon.colcon_core.package_identification:_identify(src/build) by extensions ['ignore', 'ignore_ament_install']
[2.986s] Level 1:colcon.colcon_core.package_identification:_identify(src/build) by extension 'ignore'
[2.986s] Level 1:colcon.colcon_core.package_identification:_identify(src/build) ignored
[2.987s] Level 1:colcon.colcon_core.package_identification:_identify(src/install) by extensions ['ignore', 'ignore_ament_install']
[2.988s] Level 1:colcon.colcon_core.package_identification:_identify(src/install) by extension 'ignore'
[2.988s] Level 1:colcon.colcon_core.package_identification:_identify(src/install) ignored
[2.990s] Level 1:colcon.colcon_core.package_identification:_identify(src/log) by extensions ['ignore', 'ignore_ament_install']
[2.990s] Level 1:colcon.colcon_core.package_identification:_identify(src/log) by extension 'ignore'
[2.991s] Level 1:colcon.colcon_core.package_identification:_identify(src/log) ignored
[2.992s] Level 1:colcon.colcon_core.package_identification:_identify(src/my_bot) by extensions ['ignore', 'ignore_ament_install']
[2.992s] Level 1:colcon.colcon_core.package_identification:_identify(src/my_bot) by extension 'ignore'
[2.992s] Level 1:colcon.colcon_core.package_identification:_identify(src/my_bot) by extension 'ignore_ament_install'
[2.993s] Level 1:colcon.colcon_core.package_identification:_identify(src/my_bot) by extensions ['colcon_pkg']
[2.993s] Level 1:colcon.colcon_core.package_identification:_identify(src/my_bot) by extension 'colcon_pkg'
[2.993s] Level 1:colcon.colcon_core.package_identification:_identify(src/my_bot) by extensions ['colcon_meta']
[2.993s] Level 1:colcon.colcon_core.package_identification:_identify(src/my_bot) by extension 'colcon_meta'
[2.994s] Level 1:colcon.colcon_core.package_identification:_identify(src/my_bot) by extensions ['ros']
[2.994s] Level 1:colcon.colcon_core.package_identification:_identify(src/my_bot) by extension 'ros'
[3.014s] DEBUG:colcon.colcon_core.package_identification:Package 'src/my_bot' with type 'ros.ament_python' and name 'my_bot'
[3.016s] Level 1:colcon.colcon_core.package_identification:_identify(src/sllidar_ros2) by extensions ['ignore', 'ignore_ament_install']
[3.017s] Level 1:colcon.colcon_core.package_identification:_identify(src/sllidar_ros2) by extension 'ignore'
[3.017s] Level 1:colcon.colcon_core.package_identification:_identify(src/sllidar_ros2) by extension 'ignore_ament_install'
[3.017s] Level 1:colcon.colcon_core.package_identification:_identify(src/sllidar_ros2) by extensions ['colcon_pkg']
[3.018s] Level 1:colcon.colcon_core.package_identification:_identify(src/sllidar_ros2) by extension 'colcon_pkg'
[3.018s] Level 1:colcon.colcon_core.package_identification:_identify(src/sllidar_ros2) by extensions ['colcon_meta']
[3.018s] Level 1:colcon.colcon_core.package_identification:_identify(src/sllidar_ros2) by extension 'colcon_meta'
[3.018s] Level 1:colcon.colcon_core.package_identification:_identify(src/sllidar_ros2) by extensions ['ros']
[3.018s] Level 1:colcon.colcon_core.package_identification:_identify(src/sllidar_ros2) by extension 'ros'
[3.023s] DEBUG:colcon.colcon_core.package_identification:Package 'src/sllidar_ros2' with type 'ros.ament_cmake' and name 'sllidar_ros2'
[3.023s] Level 1:colcon.colcon_core.package_discovery:discover_packages(recursive) using defaults
[3.023s] Level 1:colcon.colcon_core.package_discovery:discover_packages(ignore) discover
[3.023s] Level 1:colcon.colcon_core.package_discovery:discover_packages(ignore) using defaults
[3.023s] Level 1:colcon.colcon_core.package_discovery:discover_packages(path) discover
[3.024s] Level 1:colcon.colcon_core.package_discovery:discover_packages(path) using defaults
[3.186s] INFO:colcon.colcon_core.package_selection:Skipping not selected package 'sllidar_ros2' in 'src/sllidar_ros2'
[3.189s] Level 1:colcon.colcon_core.package_discovery:discover_packages(prefix_path) check parameters
[3.189s] Level 1:colcon.colcon_core.package_discovery:discover_packages(prefix_path) discover
[3.261s] DEBUG:colcon.colcon_installed_package_information.package_discovery:Found 1 installed packages in /home/ssafy/ros2_ws/install
[3.272s] DEBUG:colcon.colcon_installed_package_information.package_discovery:Found 320 installed packages in /opt/ros/humble
[3.280s] Level 1:colcon.colcon_core.package_discovery:discover_packages(prefix_path) using defaults
[3.559s] Level 5:colcon.colcon_core.verb:set package 'my_bot' build argument 'cmake_args' from command line to 'None'
[3.559s] Level 5:colcon.colcon_core.verb:set package 'my_bot' build argument 'cmake_target' from command line to 'None'
[3.560s] Level 5:colcon.colcon_core.verb:set package 'my_bot' build argument 'cmake_target_skip_unavailable' from command line to 'False'
[3.560s] Level 5:colcon.colcon_core.verb:set package 'my_bot' build argument 'cmake_clean_cache' from command line to 'False'
[3.560s] Level 5:colcon.colcon_core.verb:set package 'my_bot' build argument 'cmake_clean_first' from command line to 'False'
[3.560s] Level 5:colcon.colcon_core.verb:set package 'my_bot' build argument 'cmake_force_configure' from command line to 'False'
[3.561s] Level 5:colcon.colcon_core.verb:set package 'my_bot' build argument 'ament_cmake_args' from command line to 'None'
[3.561s] Level 5:colcon.colcon_core.verb:set package 'my_bot' build argument 'catkin_cmake_args' from command line to 'None'
[3.561s] Level 5:colcon.colcon_core.verb:set package 'my_bot' build argument 'catkin_skip_building_tests' from command line to 'False'
[3.562s] DEBUG:colcon.colcon_core.verb:Building package 'my_bot' with the following arguments: {'ament_cmake_args': None, 'build_base': '/home/ssafy/ros2_ws/build/my_bot', 'catkin_cmake_args': None, 'catkin_skip_building_tests': False, 'cmake_args': None, 'cmake_clean_cache': False, 'cmake_clean_first': False, 'cmake_force_configure': False, 'cmake_target': None, 'cmake_target_skip_unavailable': False, 'install_base': '/home/ssafy/ros2_ws/install/my_bot', 'merge_install': False, 'path': '/home/ssafy/ros2_ws/src/my_bot', 'symlink_install': True, 'test_result_base': None}
[3.563s] INFO:colcon.colcon_core.executor:Executing jobs using 'parallel' executor
[3.567s] DEBUG:colcon.colcon_parallel_executor.executor.parallel:run_until_complete
[3.569s] INFO:colcon.colcon_ros.task.ament_python.build:Building ROS package in '/home/ssafy/ros2_ws/src/my_bot' with build type 'ament_python'
[3.570s] Level 1:colcon.colcon_core.shell:create_environment_hook('my_bot', 'ament_prefix_path')
[3.604s] INFO:colcon.colcon_core.plugin_system:Skipping extension 'colcon_core.shell.bat': Not used on non-Windows systems
[3.606s] INFO:colcon.colcon_core.shell:Creating environment hook '/home/ssafy/ros2_ws/install/my_bot/share/my_bot/hook/ament_prefix_path.ps1'
[3.611s] INFO:colcon.colcon_core.shell:Creating environment descriptor '/home/ssafy/ros2_ws/install/my_bot/share/my_bot/hook/ament_prefix_path.dsv'
[3.616s] INFO:colcon.colcon_core.shell:Creating environment hook '/home/ssafy/ros2_ws/install/my_bot/share/my_bot/hook/ament_prefix_path.sh'
[3.622s] INFO:colcon.colcon_core.shell:Skip shell extension 'powershell' for command environment: Not usable outside of PowerShell
[3.622s] DEBUG:colcon.colcon_core.shell:Skip shell extension 'dsv' for command environment
[5.029s] INFO:colcon.colcon_core.task.python.build:Building Python package in '/home/ssafy/ros2_ws/src/my_bot'
[5.030s] INFO:colcon.colcon_core.shell:Skip shell extension 'powershell' for command environment: Not usable outside of PowerShell
[5.031s] DEBUG:colcon.colcon_core.shell:Skip shell extension 'dsv' for command environment
[7.698s] DEBUG:colcon.colcon_core.event_handler.log_command:Invoking command in '/home/ssafy/ros2_ws/build/my_bot': PYTHONPATH=/home/ssafy/ros2_ws/build/my_bot/prefix_override:/usr/lib/python3/dist-packages/colcon_core/task/python/colcon_distutils_commands:/home/ssafy/ros2_ws/install/my_bot/lib/python3.10/site-packages:${PYTHONPATH} /usr/bin/python3 -W ignore:setup.py install is deprecated -W ignore:easy_install command is deprecated setup.py develop --editable --build-directory /home/ssafy/ros2_ws/build/my_bot/build --no-deps symlink_data
[10.395s] Level 1:colcon.colcon_core.shell:create_environment_hook('my_bot', 'pythonpath_develop')
[10.397s] INFO:colcon.colcon_core.shell:Creating environment hook '/home/ssafy/ros2_ws/build/my_bot/share/my_bot/hook/pythonpath_develop.ps1'
[10.399s] DEBUG:colcon.colcon_core.event_handler.log_command:Invoked command in '/home/ssafy/ros2_ws/build/my_bot' returned '0': PYTHONPATH=/home/ssafy/ros2_ws/build/my_bot/prefix_override:/usr/lib/python3/dist-packages/colcon_core/task/python/colcon_distutils_commands:/home/ssafy/ros2_ws/install/my_bot/lib/python3.10/site-packages:${PYTHONPATH} /usr/bin/python3 -W ignore:setup.py install is deprecated -W ignore:easy_install command is deprecated setup.py develop --editable --build-directory /home/ssafy/ros2_ws/build/my_bot/build --no-deps symlink_data
[10.402s] INFO:colcon.colcon_core.shell:Creating environment descriptor '/home/ssafy/ros2_ws/build/my_bot/share/my_bot/hook/pythonpath_develop.dsv'
[10.404s] INFO:colcon.colcon_core.shell:Creating environment hook '/home/ssafy/ros2_ws/build/my_bot/share/my_bot/hook/pythonpath_develop.sh'
[10.450s] Level 1:colcon.colcon_core.environment:checking '/home/ssafy/ros2_ws/install/my_bot' for CMake module files
[10.453s] Level 1:colcon.colcon_core.environment:checking '/home/ssafy/ros2_ws/install/my_bot' for CMake config files
[10.460s] Level 1:colcon.colcon_core.environment:checking '/home/ssafy/ros2_ws/install/my_bot/lib'
[10.462s] Level 1:colcon.colcon_core.environment:checking '/home/ssafy/ros2_ws/install/my_bot/bin'
[10.463s] Level 1:colcon.colcon_core.environment:checking '/home/ssafy/ros2_ws/install/my_bot/lib/pkgconfig/my_bot.pc'
[10.464s] Level 1:colcon.colcon_core.environment:checking '/home/ssafy/ros2_ws/install/my_bot/lib/python3.10/site-packages'
[10.464s] Level 1:colcon.colcon_core.shell:create_environment_hook('my_bot', 'pythonpath')
[10.467s] INFO:colcon.colcon_core.shell:Creating environment hook '/home/ssafy/ros2_ws/install/my_bot/share/my_bot/hook/pythonpath.ps1'
[10.470s] INFO:colcon.colcon_core.shell:Creating environment descriptor '/home/ssafy/ros2_ws/install/my_bot/share/my_bot/hook/pythonpath.dsv'
[10.472s] INFO:colcon.colcon_core.shell:Creating environment hook '/home/ssafy/ros2_ws/install/my_bot/share/my_bot/hook/pythonpath.sh'
[10.476s] Level 1:colcon.colcon_core.environment:checking '/home/ssafy/ros2_ws/install/my_bot/bin'
[10.477s] Level 1:colcon.colcon_core.environment:create_environment_scripts_only(my_bot)
[10.478s] INFO:colcon.colcon_core.shell:Creating package script '/home/ssafy/ros2_ws/install/my_bot/share/my_bot/package.ps1'
[10.484s] INFO:colcon.colcon_core.shell:Creating package descriptor '/home/ssafy/ros2_ws/install/my_bot/share/my_bot/package.dsv'
[10.487s] INFO:colcon.colcon_core.shell:Creating package script '/home/ssafy/ros2_ws/install/my_bot/share/my_bot/package.sh'
[10.492s] INFO:colcon.colcon_core.shell:Creating package script '/home/ssafy/ros2_ws/install/my_bot/share/my_bot/package.bash'
[10.496s] INFO:colcon.colcon_core.shell:Creating package script '/home/ssafy/ros2_ws/install/my_bot/share/my_bot/package.zsh'
[10.502s] Level 1:colcon.colcon_core.environment:create_file_with_runtime_dependencies(/home/ssafy/ros2_ws/install/my_bot/share/colcon-core/packages/my_bot)
[10.503s] DEBUG:colcon.colcon_parallel_executor.executor.parallel:closing loop
[10.504s] DEBUG:colcon.colcon_parallel_executor.executor.parallel:loop closed
[10.505s] DEBUG:colcon.colcon_parallel_executor.executor.parallel:run_until_complete finished with '0'
[10.505s] DEBUG:colcon.colcon_core.event_reactor:joining thread
[10.530s] INFO:colcon.colcon_core.plugin_system:Skipping extension 'colcon_notification.desktop_notification.terminal_notifier': Not used on non-Darwin systems
[10.530s] INFO:colcon.colcon_core.plugin_system:Skipping extension 'colcon_notification.desktop_notification.win32': Not used on non-Windows systems
[10.530s] INFO:colcon.colcon_notification.desktop_notification:Sending desktop notification using 'notify2'
[10.535s] DEBUG:colcon.colcon_notification.desktop_notification.notify2:Failed to initialize notify2: org.freedesktop.DBus.Error.ServiceUnknown: The name org.freedesktop.Notifications was not provided by any .service files
[10.536s] DEBUG:colcon.colcon_core.event_reactor:joined thread
[10.537s] INFO:colcon.colcon_core.shell:Creating prefix script '/home/ssafy/ros2_ws/install/local_setup.ps1'
[10.544s] INFO:colcon.colcon_core.shell:Creating prefix util module '/home/ssafy/ros2_ws/install/_local_setup_util_ps1.py'
[10.556s] INFO:colcon.colcon_core.shell:Creating prefix chain script '/home/ssafy/ros2_ws/install/setup.ps1'
[10.563s] INFO:colcon.colcon_core.shell:Creating prefix script '/home/ssafy/ros2_ws/install/local_setup.sh'
[10.568s] INFO:colcon.colcon_core.shell:Creating prefix util module '/home/ssafy/ros2_ws/install/_local_setup_util_sh.py'
[10.572s] INFO:colcon.colcon_core.shell:Creating prefix chain script '/home/ssafy/ros2_ws/install/setup.sh'
[10.579s] INFO:colcon.colcon_core.shell:Creating prefix script '/home/ssafy/ros2_ws/install/local_setup.bash'
[10.585s] INFO:colcon.colcon_core.shell:Creating prefix chain script '/home/ssafy/ros2_ws/install/setup.bash'
[10.591s] INFO:colcon.colcon_core.shell:Creating prefix script '/home/ssafy/ros2_ws/install/local_setup.zsh'
[10.595s] INFO:colcon.colcon_core.shell:Creating prefix chain script '/home/ssafy/ros2_ws/install/setup.zsh'
