[0.612s] DEBUG:colcon:Command line arguments: ['/usr/bin/colcon', 'build', '--packages-select', 'my_bot']
[0.612s] DEBUG:colcon:Parsed command line arguments: Namespace(log_base=None, log_level=None, verb_name='build', build_base='build', install_base='install', merge_install=False, symlink_install=False, test_result_base=None, continue_on_error=False, executor='parallel', parallel_workers=4, event_handlers=None, ignore_user_meta=False, metas=['./colcon.meta'], base_paths=['.'], packages_ignore=None, packages_ignore_regex=None, paths=None, packages_up_to=None, packages_up_to_regex=None, packages_above=None, packages_above_and_dependencies=None, packages_above_depth=None, packages_select_by_dep=None, packages_skip_by_dep=None, packages_skip_up_to=None, packages_select_build_failed=False, packages_skip_build_finished=False, packages_select_test_failures=False, packages_skip_test_passed=False, packages_select=['my_bot'], packages_skip=None, packages_select_regex=None, packages_skip_regex=None, packages_start=None, packages_end=None, allow_overriding=[], cmake_args=None, cmake_target=None, cmake_target_skip_unavailable=False, cmake_clean_cache=False, cmake_clean_first=False, cmake_force_configure=False, ament_cmake_args=None, catkin_cmake_args=None, catkin_skip_building_tests=False, verb_parser=<colcon_defaults.argument_parser.defaults.DefaultArgumentsDecorator object at 0xffff8619bcd0>, verb_extension=<colcon_core.verb.build.BuildVerb object at 0xffff8638d180>, main=<bound method BuildVerb.main of <colcon_core.verb.build.BuildVerb object at 0xffff8638d180>>)
[1.655s] Level 1:colcon.colcon_core.package_discovery:discover_packages(colcon_meta) check parameters
[1.656s] Level 1:colcon.colcon_core.package_discovery:discover_packages(recursive) check parameters
[1.656s] Level 1:colcon.colcon_core.package_discovery:discover_packages(ignore) check parameters
[1.656s] Level 1:colcon.colcon_core.package_discovery:discover_packages(path) check parameters
[1.656s] Level 1:colcon.colcon_core.package_discovery:discover_packages(colcon_meta) discover
[1.657s] Level 1:colcon.colcon_core.package_discovery:discover_packages(recursive) discover
[1.657s] INFO:colcon.colcon_core.package_discovery:Crawling recursively for packages in '/home/ssafy/ros2_ws'
[1.657s] Level 1:colcon.colcon_core.package_identification:_identify(.) by extensions ['ignore', 'ignore_ament_install']
[1.658s] Level 1:colcon.colcon_core.package_identification:_identify(.) by extension 'ignore'
[1.659s] Level 1:colcon.colcon_core.package_identification:_identify(.) by extension 'ignore_ament_install'
[1.659s] Level 1:colcon.colcon_core.package_identification:_identify(.) by extensions ['colcon_pkg']
[1.660s] Level 1:colcon.colcon_core.package_identification:_identify(.) by extension 'colcon_pkg'
[1.660s] Level 1:colcon.colcon_core.package_identification:_identify(.) by extensions ['colcon_meta']
[1.660s] Level 1:colcon.colcon_core.package_identification:_identify(.) by extension 'colcon_meta'
[1.661s] Level 1:colcon.colcon_core.package_identification:_identify(.) by extensions ['ros']
[1.661s] Level 1:colcon.colcon_core.package_identification:_identify(.) by extension 'ros'
[1.721s] Level 1:colcon.colcon_core.package_identification:_identify(.) by extensions ['cmake', 'python']
[1.721s] Level 1:colcon.colcon_core.package_identification:_identify(.) by extension 'cmake'
[1.722s] Level 1:colcon.colcon_core.package_identification:_identify(.) by extension 'python'
[1.722s] Level 1:colcon.colcon_core.package_identification:_identify(.) by extensions ['python_setup_py']
[1.722s] Level 1:colcon.colcon_core.package_identification:_identify(.) by extension 'python_setup_py'
[1.722s] Level 1:colcon.colcon_core.package_identification:_identify(build) by extensions ['ignore', 'ignore_ament_install']
[1.723s] Level 1:colcon.colcon_core.package_identification:_identify(build) by extension 'ignore'
[1.723s] Level 1:colcon.colcon_core.package_identification:_identify(build) ignored
[1.724s] Level 1:colcon.colcon_core.package_identification:_identify(install) by extensions ['ignore', 'ignore_ament_install']
[1.724s] Level 1:colcon.colcon_core.package_identification:_identify(install) by extension 'ignore'
[1.724s] Level 1:colcon.colcon_core.package_identification:_identify(install) ignored
[1.725s] Level 1:colcon.colcon_core.package_identification:_identify(log) by extensions ['ignore', 'ignore_ament_install']
[1.725s] Level 1:colcon.colcon_core.package_identification:_identify(log) by extension 'ignore'
[1.725s] Level 1:colcon.colcon_core.package_identification:_identify(log) ignored
[1.726s] Level 1:colcon.colcon_core.package_identification:_identify(src) by extensions ['ignore', 'ignore_ament_install']
[1.726s] Level 1:colcon.colcon_core.package_identification:_identify(src) by extension 'ignore'
[1.727s] Level 1:colcon.colcon_core.package_identification:_identify(src) by extension 'ignore_ament_install'
[1.727s] Level 1:colcon.colcon_core.package_identification:_identify(src) by extensions ['colcon_pkg']
[1.727s] Level 1:colcon.colcon_core.package_identification:_identify(src) by extension 'colcon_pkg'
[1.727s] Level 1:colcon.colcon_core.package_identification:_identify(src) by extensions ['colcon_meta']
[1.727s] Level 1:colcon.colcon_core.package_identification:_identify(src) by extension 'colcon_meta'
[1.728s] Level 1:colcon.colcon_core.package_identification:_identify(src) by extensions ['ros']
[1.728s] Level 1:colcon.colcon_core.package_identification:_identify(src) by extension 'ros'
[1.728s] Level 1:colcon.colcon_core.package_identification:_identify(src) by extensions ['cmake', 'python']
[1.728s] Level 1:colcon.colcon_core.package_identification:_identify(src) by extension 'cmake'
[1.728s] Level 1:colcon.colcon_core.package_identification:_identify(src) by extension 'python'
[1.729s] Level 1:colcon.colcon_core.package_identification:_identify(src) by extensions ['python_setup_py']
[1.729s] Level 1:colcon.colcon_core.package_identification:_identify(src) by extension 'python_setup_py'
[1.729s] Level 1:colcon.colcon_core.package_identification:_identify(src/my_bot) by extensions ['ignore', 'ignore_ament_install']
[1.730s] Level 1:colcon.colcon_core.package_identification:_identify(src/my_bot) by extension 'ignore'
[1.730s] Level 1:colcon.colcon_core.package_identification:_identify(src/my_bot) by extension 'ignore_ament_install'
[1.730s] Level 1:colcon.colcon_core.package_identification:_identify(src/my_bot) by extensions ['colcon_pkg']
[1.730s] Level 1:colcon.colcon_core.package_identification:_identify(src/my_bot) by extension 'colcon_pkg'
[1.730s] Level 1:colcon.colcon_core.package_identification:_identify(src/my_bot) by extensions ['colcon_meta']
[1.730s] Level 1:colcon.colcon_core.package_identification:_identify(src/my_bot) by extension 'colcon_meta'
[1.731s] Level 1:colcon.colcon_core.package_identification:_identify(src/my_bot) by extensions ['ros']
[1.731s] Level 1:colcon.colcon_core.package_identification:_identify(src/my_bot) by extension 'ros'
[1.741s] DEBUG:colcon.colcon_core.package_identification:Package 'src/my_bot' with type 'ros.ament_python' and name 'my_bot'
[1.742s] Level 1:colcon.colcon_core.package_identification:_identify(src/sllidar_ros2) by extensions ['ignore', 'ignore_ament_install']
[1.742s] Level 1:colcon.colcon_core.package_identification:_identify(src/sllidar_ros2) by extension 'ignore'
[1.742s] Level 1:colcon.colcon_core.package_identification:_identify(src/sllidar_ros2) by extension 'ignore_ament_install'
[1.742s] Level 1:colcon.colcon_core.package_identification:_identify(src/sllidar_ros2) by extensions ['colcon_pkg']
[1.743s] Level 1:colcon.colcon_core.package_identification:_identify(src/sllidar_ros2) by extension 'colcon_pkg'
[1.743s] Level 1:colcon.colcon_core.package_identification:_identify(src/sllidar_ros2) by extensions ['colcon_meta']
[1.743s] Level 1:colcon.colcon_core.package_identification:_identify(src/sllidar_ros2) by extension 'colcon_meta'
[1.743s] Level 1:colcon.colcon_core.package_identification:_identify(src/sllidar_ros2) by extensions ['ros']
[1.743s] Level 1:colcon.colcon_core.package_identification:_identify(src/sllidar_ros2) by extension 'ros'
[1.746s] DEBUG:colcon.colcon_core.package_identification:Package 'src/sllidar_ros2' with type 'ros.ament_cmake' and name 'sllidar_ros2'
[1.746s] Level 1:colcon.colcon_core.package_discovery:discover_packages(recursive) using defaults
[1.746s] Level 1:colcon.colcon_core.package_discovery:discover_packages(ignore) discover
[1.747s] Level 1:colcon.colcon_core.package_discovery:discover_packages(ignore) using defaults
[1.747s] Level 1:colcon.colcon_core.package_discovery:discover_packages(path) discover
[1.747s] Level 1:colcon.colcon_core.package_discovery:discover_packages(path) using defaults
[1.829s] INFO:colcon.colcon_core.package_selection:Skipping not selected package 'sllidar_ros2' in 'src/sllidar_ros2'
[1.886s] Level 1:colcon.colcon_core.package_discovery:discover_packages(prefix_path) check parameters
[1.886s] Level 1:colcon.colcon_core.package_discovery:discover_packages(prefix_path) discover
[1.934s] DEBUG:colcon.colcon_installed_package_information.package_discovery:Found 1 installed packages in /home/ssafy/ros2_ws/install
[1.944s] DEBUG:colcon.colcon_installed_package_information.package_discovery:Found 320 installed packages in /opt/ros/humble
[1.952s] Level 1:colcon.colcon_core.package_discovery:discover_packages(prefix_path) using defaults
[2.156s] Level 5:colcon.colcon_core.verb:set package 'my_bot' build argument 'cmake_args' from command line to 'None'
[2.156s] Level 5:colcon.colcon_core.verb:set package 'my_bot' build argument 'cmake_target' from command line to 'None'
[2.156s] Level 5:colcon.colcon_core.verb:set package 'my_bot' build argument 'cmake_target_skip_unavailable' from command line to 'False'
[2.156s] Level 5:colcon.colcon_core.verb:set package 'my_bot' build argument 'cmake_clean_cache' from command line to 'False'
[2.156s] Level 5:colcon.colcon_core.verb:set package 'my_bot' build argument 'cmake_clean_first' from command line to 'False'
[2.157s] Level 5:colcon.colcon_core.verb:set package 'my_bot' build argument 'cmake_force_configure' from command line to 'False'
[2.157s] Level 5:colcon.colcon_core.verb:set package 'my_bot' build argument 'ament_cmake_args' from command line to 'None'
[2.157s] Level 5:colcon.colcon_core.verb:set package 'my_bot' build argument 'catkin_cmake_args' from command line to 'None'
[2.157s] Level 5:colcon.colcon_core.verb:set package 'my_bot' build argument 'catkin_skip_building_tests' from command line to 'False'
[2.157s] DEBUG:colcon.colcon_core.verb:Building package 'my_bot' with the following arguments: {'ament_cmake_args': None, 'build_base': '/home/ssafy/ros2_ws/build/my_bot', 'catkin_cmake_args': None, 'catkin_skip_building_tests': False, 'cmake_args': None, 'cmake_clean_cache': False, 'cmake_clean_first': False, 'cmake_force_configure': False, 'cmake_target': None, 'cmake_target_skip_unavailable': False, 'install_base': '/home/ssafy/ros2_ws/install/my_bot', 'merge_install': False, 'path': '/home/ssafy/ros2_ws/src/my_bot', 'symlink_install': False, 'test_result_base': None}
[2.158s] INFO:colcon.colcon_core.executor:Executing jobs using 'parallel' executor
[2.164s] DEBUG:colcon.colcon_parallel_executor.executor.parallel:run_until_complete
[2.166s] INFO:colcon.colcon_ros.task.ament_python.build:Building ROS package in '/home/ssafy/ros2_ws/src/my_bot' with build type 'ament_python'
[2.166s] Level 1:colcon.colcon_core.shell:create_environment_hook('my_bot', 'ament_prefix_path')
[2.179s] INFO:colcon.colcon_core.plugin_system:Skipping extension 'colcon_core.shell.bat': Not used on non-Windows systems
[2.180s] INFO:colcon.colcon_core.shell:Creating environment hook '/home/ssafy/ros2_ws/install/my_bot/share/my_bot/hook/ament_prefix_path.ps1'
[2.185s] INFO:colcon.colcon_core.shell:Creating environment descriptor '/home/ssafy/ros2_ws/install/my_bot/share/my_bot/hook/ament_prefix_path.dsv'
[2.188s] INFO:colcon.colcon_core.shell:Creating environment hook '/home/ssafy/ros2_ws/install/my_bot/share/my_bot/hook/ament_prefix_path.sh'
[2.193s] INFO:colcon.colcon_core.shell:Skip shell extension 'powershell' for command environment: Not usable outside of PowerShell
[2.193s] DEBUG:colcon.colcon_core.shell:Skip shell extension 'dsv' for command environment
[3.688s] INFO:colcon.colcon_core.task.python.build:Building Python package in '/home/ssafy/ros2_ws/src/my_bot'
[3.689s] INFO:colcon.colcon_core.shell:Skip shell extension 'powershell' for command environment: Not usable outside of PowerShell
[3.689s] DEBUG:colcon.colcon_core.shell:Skip shell extension 'dsv' for command environment
[5.590s] DEBUG:colcon.colcon_core.event_handler.log_command:Invoking command in '/home/ssafy/ros2_ws/src/my_bot': PYTHONPATH=/home/ssafy/ros2_ws/build/my_bot/prefix_override:/usr/lib/python3/dist-packages/colcon_core/task/python/colcon_distutils_commands:/home/ssafy/ros2_ws/install/my_bot/lib/python3.10/site-packages:${PYTHONPATH} /usr/bin/python3 -W ignore:setup.py install is deprecated -W ignore:easy_install command is deprecated setup.py egg_info --egg-base ../../build/my_bot build --build-base /home/ssafy/ros2_ws/build/my_bot/build install --record /home/ssafy/ros2_ws/build/my_bot/install.log --single-version-externally-managed install_data
[7.269s] DEBUG:colcon.colcon_core.event_handler.log_command:Invoked command in '/home/ssafy/ros2_ws/src/my_bot' returned '0': PYTHONPATH=/home/ssafy/ros2_ws/build/my_bot/prefix_override:/usr/lib/python3/dist-packages/colcon_core/task/python/colcon_distutils_commands:/home/ssafy/ros2_ws/install/my_bot/lib/python3.10/site-packages:${PYTHONPATH} /usr/bin/python3 -W ignore:setup.py install is deprecated -W ignore:easy_install command is deprecated setup.py egg_info --egg-base ../../build/my_bot build --build-base /home/ssafy/ros2_ws/build/my_bot/build install --record /home/ssafy/ros2_ws/build/my_bot/install.log --single-version-externally-managed install_data
[7.285s] Level 1:colcon.colcon_core.environment:checking '/home/ssafy/ros2_ws/install/my_bot' for CMake module files
[7.288s] Level 1:colcon.colcon_core.environment:checking '/home/ssafy/ros2_ws/install/my_bot' for CMake config files
[7.292s] Level 1:colcon.colcon_core.environment:checking '/home/ssafy/ros2_ws/install/my_bot/lib'
[7.293s] Level 1:colcon.colcon_core.environment:checking '/home/ssafy/ros2_ws/install/my_bot/bin'
[7.294s] Level 1:colcon.colcon_core.environment:checking '/home/ssafy/ros2_ws/install/my_bot/lib/pkgconfig/my_bot.pc'
[7.295s] Level 1:colcon.colcon_core.environment:checking '/home/ssafy/ros2_ws/install/my_bot/lib/python3.10/site-packages'
[7.295s] Level 1:colcon.colcon_core.shell:create_environment_hook('my_bot', 'pythonpath')
[7.296s] INFO:colcon.colcon_core.shell:Creating environment hook '/home/ssafy/ros2_ws/install/my_bot/share/my_bot/hook/pythonpath.ps1'
[7.299s] INFO:colcon.colcon_core.shell:Creating environment descriptor '/home/ssafy/ros2_ws/install/my_bot/share/my_bot/hook/pythonpath.dsv'
[7.302s] INFO:colcon.colcon_core.shell:Creating environment hook '/home/ssafy/ros2_ws/install/my_bot/share/my_bot/hook/pythonpath.sh'
[7.307s] Level 1:colcon.colcon_core.environment:checking '/home/ssafy/ros2_ws/install/my_bot/bin'
[7.307s] Level 1:colcon.colcon_core.environment:create_environment_scripts_only(my_bot)
[7.309s] INFO:colcon.colcon_core.shell:Creating package script '/home/ssafy/ros2_ws/install/my_bot/share/my_bot/package.ps1'
[7.313s] INFO:colcon.colcon_core.shell:Creating package descriptor '/home/ssafy/ros2_ws/install/my_bot/share/my_bot/package.dsv'
[7.317s] INFO:colcon.colcon_core.shell:Creating package script '/home/ssafy/ros2_ws/install/my_bot/share/my_bot/package.sh'
[7.321s] INFO:colcon.colcon_core.shell:Creating package script '/home/ssafy/ros2_ws/install/my_bot/share/my_bot/package.bash'
[7.325s] INFO:colcon.colcon_core.shell:Creating package script '/home/ssafy/ros2_ws/install/my_bot/share/my_bot/package.zsh'
[7.329s] Level 1:colcon.colcon_core.environment:create_file_with_runtime_dependencies(/home/ssafy/ros2_ws/install/my_bot/share/colcon-core/packages/my_bot)
[7.331s] DEBUG:colcon.colcon_parallel_executor.executor.parallel:closing loop
[7.335s] DEBUG:colcon.colcon_parallel_executor.executor.parallel:loop closed
[7.335s] DEBUG:colcon.colcon_parallel_executor.executor.parallel:run_until_complete finished with '0'
[7.336s] DEBUG:colcon.colcon_core.event_reactor:joining thread
[7.373s] INFO:colcon.colcon_core.plugin_system:Skipping extension 'colcon_notification.desktop_notification.terminal_notifier': Not used on non-Darwin systems
[7.374s] INFO:colcon.colcon_core.plugin_system:Skipping extension 'colcon_notification.desktop_notification.win32': Not used on non-Windows systems
[7.374s] INFO:colcon.colcon_notification.desktop_notification:Sending desktop notification using 'notify2'
[7.379s] DEBUG:colcon.colcon_notification.desktop_notification.notify2:Failed to initialize notify2: org.freedesktop.DBus.Error.ServiceUnknown: The name org.freedesktop.Notifications was not provided by any .service files
[7.380s] DEBUG:colcon.colcon_core.event_reactor:joined thread
[7.381s] INFO:colcon.colcon_core.shell:Creating prefix script '/home/ssafy/ros2_ws/install/local_setup.ps1'
[7.386s] INFO:colcon.colcon_core.shell:Creating prefix util module '/home/ssafy/ros2_ws/install/_local_setup_util_ps1.py'
[7.393s] INFO:colcon.colcon_core.shell:Creating prefix chain script '/home/ssafy/ros2_ws/install/setup.ps1'
[7.400s] INFO:colcon.colcon_core.shell:Creating prefix script '/home/ssafy/ros2_ws/install/local_setup.sh'
[7.404s] INFO:colcon.colcon_core.shell:Creating prefix util module '/home/ssafy/ros2_ws/install/_local_setup_util_sh.py'
[7.407s] INFO:colcon.colcon_core.shell:Creating prefix chain script '/home/ssafy/ros2_ws/install/setup.sh'
[7.418s] INFO:colcon.colcon_core.shell:Creating prefix script '/home/ssafy/ros2_ws/install/local_setup.bash'
[7.421s] INFO:colcon.colcon_core.shell:Creating prefix chain script '/home/ssafy/ros2_ws/install/setup.bash'
[7.426s] INFO:colcon.colcon_core.shell:Creating prefix script '/home/ssafy/ros2_ws/install/local_setup.zsh'
[7.429s] INFO:colcon.colcon_core.shell:Creating prefix chain script '/home/ssafy/ros2_ws/install/setup.zsh'
