[3.308s] Invoking command in '/home/ssafy/ros2_ws/src/my_bot': PYTHONPATH=/home/ssafy/ros2_ws/build/my_bot/prefix_override:/usr/lib/python3/dist-packages/colcon_core/task/python/colcon_distutils_commands:/home/ssafy/ros2_ws/install/my_bot/lib/python3.10/site-packages:${PYTHONPATH} /usr/bin/python3 -W ignore:setup.py install is deprecated -W ignore:easy_install command is deprecated setup.py egg_info --egg-base ../../build/my_bot build --build-base /home/ssafy/ros2_ws/build/my_bot/build install --record /home/ssafy/ros2_ws/build/my_bot/install.log --single-version-externally-managed install_data
[4.533s] running egg_info
[4.536s] writing ../../build/my_bot/my_bot.egg-info/PKG-INFO
[4.538s] writing dependency_links to ../../build/my_bot/my_bot.egg-info/dependency_links.txt
[4.538s] writing entry points to ../../build/my_bot/my_bot.egg-info/entry_points.txt
[4.539s] writing requirements to ../../build/my_bot/my_bot.egg-info/requires.txt
[4.540s] writing top-level names to ../../build/my_bot/my_bot.egg-info/top_level.txt
[4.548s] reading manifest file '../../build/my_bot/my_bot.egg-info/SOURCES.txt'
[4.552s] writing manifest file '../../build/my_bot/my_bot.egg-info/SOURCES.txt'
[4.553s] running build
[4.553s] running build_py
[4.554s] copying my_bot/serial_bridge.py -> /home/ssafy/ros2_ws/build/my_bot/build/lib/my_bot
[4.556s] running install
[4.557s] running install_lib
[4.562s] copying /home/ssafy/ros2_ws/build/my_bot/build/lib/my_bot/serial_bridge.py -> /home/ssafy/ros2_ws/install/my_bot/lib/python3.10/site-packages/my_bot
[4.569s] byte-compiling /home/ssafy/ros2_ws/install/my_bot/lib/python3.10/site-packages/my_bot/serial_bridge.py to serial_bridge.cpython-310.pyc
[4.573s] running install_data
[4.574s] running install_egg_info
[4.581s] removing '/home/ssafy/ros2_ws/install/my_bot/lib/python3.10/site-packages/my_bot-0.0.0-py3.10.egg-info' (and everything under it)
[4.584s] Copying ../../build/my_bot/my_bot.egg-info to /home/ssafy/ros2_ws/install/my_bot/lib/python3.10/site-packages/my_bot-0.0.0-py3.10.egg-info
[4.589s] running install_scripts
[4.672s] Installing serial_bridge script to /home/ssafy/ros2_ws/install/my_bot/lib/my_bot
[4.674s] writing list of installed files to '/home/ssafy/ros2_ws/build/my_bot/install.log'
[4.805s] Invoked command in '/home/ssafy/ros2_ws/src/my_bot' returned '0': PYTHONPATH=/home/ssafy/ros2_ws/build/my_bot/prefix_override:/usr/lib/python3/dist-packages/colcon_core/task/python/colcon_distutils_commands:/home/ssafy/ros2_ws/install/my_bot/lib/python3.10/site-packages:${PYTHONPATH} /usr/bin/python3 -W ignore:setup.py install is deprecated -W ignore:easy_install command is deprecated setup.py egg_info --egg-base ../../build/my_bot build --build-base /home/ssafy/ros2_ws/build/my_bot/build install --record /home/ssafy/ros2_ws/build/my_bot/install.log --single-version-externally-managed install_data
