[4.271s] Invoking command in '/home/ssafy/ros2_ws/src/my_bot': PYTHONPATH=/home/ssafy/ros2_ws/build/my_bot/prefix_override:/usr/lib/python3/dist-packages/colcon_core/task/python/colcon_distutils_commands:/home/ssafy/ros2_ws/install/my_bot/lib/python3.10/site-packages:${PYTHONPATH} /usr/bin/python3 -W ignore:setup.py install is deprecated -W ignore:easy_install command is deprecated setup.py egg_info --egg-base ../../build/my_bot build --build-base /home/ssafy/ros2_ws/build/my_bot/build install --record /home/ssafy/ros2_ws/build/my_bot/install.log --single-version-externally-managed install_data
[5.548s] running egg_info
[5.551s] writing ../../build/my_bot/my_bot.egg-info/PKG-INFO
[5.557s] writing dependency_links to ../../build/my_bot/my_bot.egg-info/dependency_links.txt
[5.559s] writing entry points to ../../build/my_bot/my_bot.egg-info/entry_points.txt
[5.559s] writing requirements to ../../build/my_bot/my_bot.egg-info/requires.txt
[5.560s] writing top-level names to ../../build/my_bot/my_bot.egg-info/top_level.txt
[5.570s] reading manifest file '../../build/my_bot/my_bot.egg-info/SOURCES.txt'
[5.577s] writing manifest file '../../build/my_bot/my_bot.egg-info/SOURCES.txt'
[5.578s] running build
[5.581s] running build_py
[5.583s] copying my_bot/serial_bridge.py -> /home/ssafy/ros2_ws/build/my_bot/build/lib/my_bot
[5.586s] running install
[5.587s] running install_lib
[5.594s] copying /home/ssafy/ros2_ws/build/my_bot/build/lib/my_bot/serial_bridge.py -> /home/ssafy/ros2_ws/install/my_bot/lib/python3.10/site-packages/my_bot
[5.605s] byte-compiling /home/ssafy/ros2_ws/install/my_bot/lib/python3.10/site-packages/my_bot/serial_bridge.py to serial_bridge.cpython-310.pyc
[5.608s] running install_data
[5.613s] running install_egg_info
[5.620s] removing '/home/ssafy/ros2_ws/install/my_bot/lib/python3.10/site-packages/my_bot-0.0.0-py3.10.egg-info' (and everything under it)
[5.622s] Copying ../../build/my_bot/my_bot.egg-info to /home/ssafy/ros2_ws/install/my_bot/lib/python3.10/site-packages/my_bot-0.0.0-py3.10.egg-info
[5.636s] running install_scripts
[5.721s] Installing serial_bridge script to /home/ssafy/ros2_ws/install/my_bot/lib/my_bot
[5.726s] writing list of installed files to '/home/ssafy/ros2_ws/build/my_bot/install.log'
[5.844s] Invoked command in '/home/ssafy/ros2_ws/src/my_bot' returned '0': PYTHONPATH=/home/ssafy/ros2_ws/build/my_bot/prefix_override:/usr/lib/python3/dist-packages/colcon_core/task/python/colcon_distutils_commands:/home/ssafy/ros2_ws/install/my_bot/lib/python3.10/site-packages:${PYTHONPATH} /usr/bin/python3 -W ignore:setup.py install is deprecated -W ignore:easy_install command is deprecated setup.py egg_info --egg-base ../../build/my_bot build --build-base /home/ssafy/ros2_ws/build/my_bot/build install --record /home/ssafy/ros2_ws/build/my_bot/install.log --single-version-externally-managed install_data
