[4.048s] Invoking command in '/home/ssafy/ros2_ws/build/my_bot': PYTHONPATH=/home/ssafy/ros2_ws/build/my_bot/prefix_override:/usr/lib/python3/dist-packages/colcon_core/task/python/colcon_distutils_commands:/home/ssafy/ros2_ws/install/my_bot/lib/python3.10/site-packages:${PYTHONPATH} /usr/bin/python3 -W ignore:setup.py install is deprecated -W ignore:easy_install command is deprecated setup.py develop --editable --build-directory /home/ssafy/ros2_ws/build/my_bot/build --no-deps symlink_data --force
[5.579s] running develop
[6.510s] running egg_info
[6.510s] writing my_bot.egg-info/PKG-INFO
[6.516s] writing dependency_links to my_bot.egg-info/dependency_links.txt
[6.517s] writing entry points to my_bot.egg-info/entry_points.txt
[6.518s] writing requirements to my_bot.egg-info/requires.txt
[6.518s] writing top-level names to my_bot.egg-info/top_level.txt
[6.528s] reading manifest file 'my_bot.egg-info/SOURCES.txt'
[6.535s] writing manifest file 'my_bot.egg-info/SOURCES.txt'
[6.541s] running build_ext
[6.542s] Creating /home/ssafy/ros2_ws/install/my_bot/lib/python3.10/site-packages/my-bot.egg-link (link to .)
[6.546s] Installing serial_bridge script to /home/ssafy/ros2_ws/install/my_bot/lib/my_bot
[6.547s] 
[6.548s] Installed /home/ssafy/ros2_ws/build/my_bot
[6.548s] running symlink_data
[6.549s] symbolically linking /home/ssafy/ros2_ws/build/my_bot/resource/my_bot -> /home/ssafy/ros2_ws/install/my_bot/share/ament_index/resource_index/packages
[6.549s] symbolically linking /home/ssafy/ros2_ws/build/my_bot/package.xml -> /home/ssafy/ros2_ws/install/my_bot/share/my_bot
[6.550s] symbolically linking /home/ssafy/ros2_ws/build/my_bot/launch/robot_state.launch.py -> /home/ssafy/ros2_ws/install/my_bot/share/my_bot/launch
[6.550s] symbolically linking /home/ssafy/ros2_ws/build/my_bot/urdf/my_bot.urdf -> /home/ssafy/ros2_ws/install/my_bot/share/my_bot/urdf
[6.685s] Invoked command in '/home/ssafy/ros2_ws/build/my_bot' returned '0': PYTHONPATH=/home/ssafy/ros2_ws/build/my_bot/prefix_override:/usr/lib/python3/dist-packages/colcon_core/task/python/colcon_distutils_commands:/home/ssafy/ros2_ws/install/my_bot/lib/python3.10/site-packages:${PYTHONPATH} /usr/bin/python3 -W ignore:setup.py install is deprecated -W ignore:easy_install command is deprecated setup.py develop --editable --build-directory /home/ssafy/ros2_ws/build/my_bot/build --no-deps symlink_data --force
