[1.298s] DEBUG:colcon:Command line arguments: ['/usr/bin/colcon', 'build', '--symlink-install', '--packages-select', 'rplidar_ros']
[1.299s] DEBUG:colcon:Parsed command line arguments: Namespace(log_base=None, log_level=None, verb_name='build', build_base='build', install_base='install', merge_install=False, symlink_install=True, test_result_base=None, continue_on_error=False, executor='parallel', parallel_workers=4, event_handlers=None, ignore_user_meta=False, metas=['./colcon.meta'], base_paths=['.'], packages_ignore=None, packages_ignore_regex=None, paths=None, packages_up_to=None, packages_up_to_regex=None, packages_above=None, packages_above_and_dependencies=None, packages_above_depth=None, packages_select_by_dep=None, packages_skip_by_dep=None, packages_skip_up_to=None, packages_select_build_failed=False, packages_skip_build_finished=False, packages_select_test_failures=False, packages_skip_test_passed=False, packages_select=['rplidar_ros'], packages_skip=None, packages_select_regex=None, packages_skip_regex=None, packages_start=None, packages_end=None, allow_overriding=[], cmake_args=None, cmake_target=None, cmake_target_skip_unavailable=False, cmake_clean_cache=False, cmake_clean_first=False, cmake_force_configure=False, ament_cmake_args=None, catkin_cmake_args=None, catkin_skip_building_tests=False, verb_parser=<colcon_defaults.argument_parser.defaults.DefaultArgumentsDecorator object at 0xffffb191bbb0>, verb_extension=<colcon_core.verb.build.BuildVerb object at 0xffffb1b11060>, main=<bound method BuildVerb.main of <colcon_core.verb.build.BuildVerb object at 0xffffb1b11060>>)
[2.859s] Level 1:colcon.colcon_core.package_discovery:discover_packages(colcon_meta) check parameters
[2.860s] Level 1:colcon.colcon_core.package_discovery:discover_packages(recursive) check parameters
[2.860s] Level 1:colcon.colcon_core.package_discovery:discover_packages(ignore) check parameters
[2.860s] Level 1:colcon.colcon_core.package_discovery:discover_packages(path) check parameters
[2.860s] Level 1:colcon.colcon_core.package_discovery:discover_packages(colcon_meta) discover
[2.861s] Level 1:colcon.colcon_core.package_discovery:discover_packages(recursive) discover
[2.861s] INFO:colcon.colcon_core.package_discovery:Crawling recursively for packages in '/home/ssafy/ros2_ws'
[2.861s] Level 1:colcon.colcon_core.package_identification:_identify(.) by extensions ['ignore', 'ignore_ament_install']
[2.862s] Level 1:colcon.colcon_core.package_identification:_identify(.) by extension 'ignore'
[2.862s] Level 1:colcon.colcon_core.package_identification:_identify(.) by extension 'ignore_ament_install'
[2.863s] Level 1:colcon.colcon_core.package_identification:_identify(.) by extensions ['colcon_pkg']
[2.863s] Level 1:colcon.colcon_core.package_identification:_identify(.) by extension 'colcon_pkg'
[2.863s] Level 1:colcon.colcon_core.package_identification:_identify(.) by extensions ['colcon_meta']
[2.863s] Level 1:colcon.colcon_core.package_identification:_identify(.) by extension 'colcon_meta'
[2.864s] Level 1:colcon.colcon_core.package_identification:_identify(.) by extensions ['ros']
[2.864s] Level 1:colcon.colcon_core.package_identification:_identify(.) by extension 'ros'
[2.920s] Level 1:colcon.colcon_core.package_identification:_identify(.) by extensions ['cmake', 'python']
[2.921s] Level 1:colcon.colcon_core.package_identification:_identify(.) by extension 'cmake'
[2.921s] Level 1:colcon.colcon_core.package_identification:_identify(.) by extension 'python'
[2.922s] Level 1:colcon.colcon_core.package_identification:_identify(.) by extensions ['python_setup_py']
[2.922s] Level 1:colcon.colcon_core.package_identification:_identify(.) by extension 'python_setup_py'
[2.923s] Level 1:colcon.colcon_core.package_identification:_identify(build) by extensions ['ignore', 'ignore_ament_install']
[2.924s] Level 1:colcon.colcon_core.package_identification:_identify(build) by extension 'ignore'
[2.924s] Level 1:colcon.colcon_core.package_identification:_identify(build) ignored
[2.926s] Level 1:colcon.colcon_core.package_identification:_identify(install) by extensions ['ignore', 'ignore_ament_install']
[2.926s] Level 1:colcon.colcon_core.package_identification:_identify(install) by extension 'ignore'
[2.927s] Level 1:colcon.colcon_core.package_identification:_identify(install) ignored
[2.928s] Level 1:colcon.colcon_core.package_identification:_identify(log) by extensions ['ignore', 'ignore_ament_install']
[2.928s] Level 1:colcon.colcon_core.package_identification:_identify(log) by extension 'ignore'
[2.928s] Level 1:colcon.colcon_core.package_identification:_identify(log) ignored
[2.929s] Level 1:colcon.colcon_core.package_identification:_identify(src) by extensions ['ignore', 'ignore_ament_install']
[2.929s] Level 1:colcon.colcon_core.package_identification:_identify(src) by extension 'ignore'
[2.929s] Level 1:colcon.colcon_core.package_identification:_identify(src) by extension 'ignore_ament_install'
[2.930s] Level 1:colcon.colcon_core.package_identification:_identify(src) by extensions ['colcon_pkg']
[2.930s] Level 1:colcon.colcon_core.package_identification:_identify(src) by extension 'colcon_pkg'
[2.930s] Level 1:colcon.colcon_core.package_identification:_identify(src) by extensions ['colcon_meta']
[2.930s] Level 1:colcon.colcon_core.package_identification:_identify(src) by extension 'colcon_meta'
[2.931s] Level 1:colcon.colcon_core.package_identification:_identify(src) by extensions ['ros']
[2.931s] Level 1:colcon.colcon_core.package_identification:_identify(src) by extension 'ros'
[2.931s] Level 1:colcon.colcon_core.package_identification:_identify(src) by extensions ['cmake', 'python']
[2.931s] Level 1:colcon.colcon_core.package_identification:_identify(src) by extension 'cmake'
[2.932s] Level 1:colcon.colcon_core.package_identification:_identify(src) by extension 'python'
[2.932s] Level 1:colcon.colcon_core.package_identification:_identify(src) by extensions ['python_setup_py']
[2.932s] Level 1:colcon.colcon_core.package_identification:_identify(src) by extension 'python_setup_py'
[2.936s] Level 1:colcon.colcon_core.package_identification:_identify(src/build) by extensions ['ignore', 'ignore_ament_install']
[2.936s] Level 1:colcon.colcon_core.package_identification:_identify(src/build) by extension 'ignore'
[2.937s] Level 1:colcon.colcon_core.package_identification:_identify(src/build) ignored
[2.938s] Level 1:colcon.colcon_core.package_identification:_identify(src/install) by extensions ['ignore', 'ignore_ament_install']
[2.939s] Level 1:colcon.colcon_core.package_identification:_identify(src/install) by extension 'ignore'
[2.939s] Level 1:colcon.colcon_core.package_identification:_identify(src/install) ignored
[2.940s] Level 1:colcon.colcon_core.package_identification:_identify(src/log) by extensions ['ignore', 'ignore_ament_install']
[2.941s] Level 1:colcon.colcon_core.package_identification:_identify(src/log) by extension 'ignore'
[2.942s] Level 1:colcon.colcon_core.package_identification:_identify(src/log) ignored
[2.943s] Level 1:colcon.colcon_core.package_identification:_identify(src/my_bot) by extensions ['ignore', 'ignore_ament_install']
[2.943s] Level 1:colcon.colcon_core.package_identification:_identify(src/my_bot) by extension 'ignore'
[2.944s] Level 1:colcon.colcon_core.package_identification:_identify(src/my_bot) by extension 'ignore_ament_install'
[2.944s] Level 1:colcon.colcon_core.package_identification:_identify(src/my_bot) by extensions ['colcon_pkg']
[2.944s] Level 1:colcon.colcon_core.package_identification:_identify(src/my_bot) by extension 'colcon_pkg'
[2.945s] Level 1:colcon.colcon_core.package_identification:_identify(src/my_bot) by extensions ['colcon_meta']
[2.945s] Level 1:colcon.colcon_core.package_identification:_identify(src/my_bot) by extension 'colcon_meta'
[2.945s] Level 1:colcon.colcon_core.package_identification:_identify(src/my_bot) by extensions ['ros']
[2.945s] Level 1:colcon.colcon_core.package_identification:_identify(src/my_bot) by extension 'ros'
[2.960s] DEBUG:colcon.colcon_core.package_identification:Package 'src/my_bot' with type 'ros.ament_python' and name 'my_bot'
[2.963s] Level 1:colcon.colcon_core.package_identification:_identify(src/sllidar_ros2) by extensions ['ignore', 'ignore_ament_install']
[2.964s] Level 1:colcon.colcon_core.package_identification:_identify(src/sllidar_ros2) by extension 'ignore'
[2.965s] Level 1:colcon.colcon_core.package_identification:_identify(src/sllidar_ros2) by extension 'ignore_ament_install'
[2.965s] Level 1:colcon.colcon_core.package_identification:_identify(src/sllidar_ros2) by extensions ['colcon_pkg']
[2.965s] Level 1:colcon.colcon_core.package_identification:_identify(src/sllidar_ros2) by extension 'colcon_pkg'
[2.966s] Level 1:colcon.colcon_core.package_identification:_identify(src/sllidar_ros2) by extensions ['colcon_meta']
[2.966s] Level 1:colcon.colcon_core.package_identification:_identify(src/sllidar_ros2) by extension 'colcon_meta'
[2.966s] Level 1:colcon.colcon_core.package_identification:_identify(src/sllidar_ros2) by extensions ['ros']
[2.967s] Level 1:colcon.colcon_core.package_identification:_identify(src/sllidar_ros2) by extension 'ros'
[2.971s] DEBUG:colcon.colcon_core.package_identification:Package 'src/sllidar_ros2' with type 'ros.ament_cmake' and name 'sllidar_ros2'
[2.972s] Level 1:colcon.colcon_core.package_discovery:discover_packages(recursive) using defaults
[2.972s] Level 1:colcon.colcon_core.package_discovery:discover_packages(ignore) discover
[2.972s] Level 1:colcon.colcon_core.package_discovery:discover_packages(ignore) using defaults
[2.972s] Level 1:colcon.colcon_core.package_discovery:discover_packages(path) discover
[2.972s] Level 1:colcon.colcon_core.package_discovery:discover_packages(path) using defaults
[2.973s] WARNING:colcon.colcon_core.package_selection:ignoring unknown package 'rplidar_ros' in --packages-select
[3.141s] INFO:colcon.colcon_core.package_selection:Skipping not selected package 'my_bot' in 'src/my_bot'
[3.141s] INFO:colcon.colcon_core.package_selection:Skipping not selected package 'sllidar_ros2' in 'src/sllidar_ros2'
[3.144s] Level 1:colcon.colcon_core.package_discovery:discover_packages(prefix_path) check parameters
[3.144s] Level 1:colcon.colcon_core.package_discovery:discover_packages(prefix_path) discover
[3.196s] DEBUG:colcon.colcon_installed_package_information.package_discovery:Found 1 installed packages in /home/ssafy/ros2_ws/install
[3.206s] DEBUG:colcon.colcon_installed_package_information.package_discovery:Found 320 installed packages in /opt/ros/humble
[3.215s] Level 1:colcon.colcon_core.package_discovery:discover_packages(prefix_path) using defaults
[3.407s] INFO:colcon.colcon_core.executor:Executing jobs using 'parallel' executor
[3.410s] DEBUG:colcon.colcon_parallel_executor.executor.parallel:run_until_complete
[3.411s] DEBUG:colcon.colcon_parallel_executor.executor.parallel:closing loop
[3.412s] DEBUG:colcon.colcon_parallel_executor.executor.parallel:loop closed
[3.412s] DEBUG:colcon.colcon_parallel_executor.executor.parallel:run_until_complete finished with '0'
[3.412s] DEBUG:colcon.colcon_core.event_reactor:joining thread
[3.439s] INFO:colcon.colcon_core.plugin_system:Skipping extension 'colcon_notification.desktop_notification.terminal_notifier': Not used on non-Darwin systems
[3.439s] INFO:colcon.colcon_core.plugin_system:Skipping extension 'colcon_notification.desktop_notification.win32': Not used on non-Windows systems
[3.440s] INFO:colcon.colcon_notification.desktop_notification:Sending desktop notification using 'notify2'
[3.445s] DEBUG:colcon.colcon_notification.desktop_notification.notify2:Failed to initialize notify2: org.freedesktop.DBus.Error.ServiceUnknown: The name org.freedesktop.Notifications was not provided by any .service files
[3.445s] DEBUG:colcon.colcon_core.event_reactor:joined thread
[3.468s] INFO:colcon.colcon_core.plugin_system:Skipping extension 'colcon_core.shell.bat': Not used on non-Windows systems
[3.469s] INFO:colcon.colcon_core.shell:Creating prefix script '/home/ssafy/ros2_ws/install/local_setup.ps1'
[3.475s] INFO:colcon.colcon_core.shell:Creating prefix util module '/home/ssafy/ros2_ws/install/_local_setup_util_ps1.py'
[3.484s] INFO:colcon.colcon_core.shell:Creating prefix chain script '/home/ssafy/ros2_ws/install/setup.ps1'
[3.490s] INFO:colcon.colcon_core.shell:Creating prefix script '/home/ssafy/ros2_ws/install/local_setup.sh'
[3.496s] INFO:colcon.colcon_core.shell:Creating prefix util module '/home/ssafy/ros2_ws/install/_local_setup_util_sh.py'
[3.500s] INFO:colcon.colcon_core.shell:Creating prefix chain script '/home/ssafy/ros2_ws/install/setup.sh'
[3.507s] INFO:colcon.colcon_core.shell:Creating prefix script '/home/ssafy/ros2_ws/install/local_setup.bash'
[3.513s] INFO:colcon.colcon_core.shell:Creating prefix chain script '/home/ssafy/ros2_ws/install/setup.bash'
[3.520s] INFO:colcon.colcon_core.shell:Creating prefix script '/home/ssafy/ros2_ws/install/local_setup.zsh'
[3.525s] INFO:colcon.colcon_core.shell:Creating prefix chain script '/home/ssafy/ros2_ws/install/setup.zsh'
