[4.550s] Invoking command in '/home/ssafy/ros2_ws/src/my_bot': PYTHONPATH=/home/ssafy/ros2_ws/build/my_bot/prefix_override:/usr/lib/python3/dist-packages/colcon_core/task/python/colcon_distutils_commands:/home/ssafy/ros2_ws/install/my_bot/lib/python3.10/site-packages:${PYTHONPATH} /usr/bin/python3 -W ignore:setup.py install is deprecated -W ignore:easy_install command is deprecated setup.py egg_info --egg-base ../../build/my_bot build --build-base /home/ssafy/ros2_ws/build/my_bot/build install --record /home/ssafy/ros2_ws/build/my_bot/install.log --single-version-externally-managed install_data
[5.868s] running egg_info
[5.871s] writing ../../build/my_bot/my_bot.egg-info/PKG-INFO
[5.876s] writing dependency_links to ../../build/my_bot/my_bot.egg-info/dependency_links.txt
[5.876s] writing entry points to ../../build/my_bot/my_bot.egg-info/entry_points.txt
[5.877s] writing requirements to ../../build/my_bot/my_bot.egg-info/requires.txt
[5.878s] writing top-level names to ../../build/my_bot/my_bot.egg-info/top_level.txt
[5.887s] reading manifest file '../../build/my_bot/my_bot.egg-info/SOURCES.txt'
[5.894s] writing manifest file '../../build/my_bot/my_bot.egg-info/SOURCES.txt'
[5.895s] running build
[5.896s] running build_py
[5.900s] copying my_bot/serial_bridge.py -> /home/ssafy/ros2_ws/build/my_bot/build/lib/my_bot
[5.902s] running install
[5.904s] running install_lib
[5.908s] copying /home/ssafy/ros2_ws/build/my_bot/build/lib/my_bot/serial_bridge.py -> /home/ssafy/ros2_ws/install/my_bot/lib/python3.10/site-packages/my_bot
[5.916s] byte-compiling /home/ssafy/ros2_ws/install/my_bot/lib/python3.10/site-packages/my_bot/serial_bridge.py to serial_bridge.cpython-310.pyc
[5.919s] running install_data
[5.925s] running install_egg_info
[5.933s] removing '/home/ssafy/ros2_ws/install/my_bot/lib/python3.10/site-packages/my_bot-0.0.0-py3.10.egg-info' (and everything under it)
[5.935s] Copying ../../build/my_bot/my_bot.egg-info to /home/ssafy/ros2_ws/install/my_bot/lib/python3.10/site-packages/my_bot-0.0.0-py3.10.egg-info
[5.944s] running install_scripts
[6.025s] Installing serial_bridge script to /home/ssafy/ros2_ws/install/my_bot/lib/my_bot
[6.027s] writing list of installed files to '/home/ssafy/ros2_ws/build/my_bot/install.log'
[6.148s] Invoked command in '/home/ssafy/ros2_ws/src/my_bot' returned '0': PYTHONPATH=/home/ssafy/ros2_ws/build/my_bot/prefix_override:/usr/lib/python3/dist-packages/colcon_core/task/python/colcon_distutils_commands:/home/ssafy/ros2_ws/install/my_bot/lib/python3.10/site-packages:${PYTHONPATH} /usr/bin/python3 -W ignore:setup.py install is deprecated -W ignore:easy_install command is deprecated setup.py egg_info --egg-base ../../build/my_bot build --build-base /home/ssafy/ros2_ws/build/my_bot/build install --record /home/ssafy/ros2_ws/build/my_bot/install.log --single-version-externally-managed install_data
