running egg_info
creating ../build/my_bot/my_bot.egg-info
writing ../build/my_bot/my_bot.egg-info/PKG-INFO
writing dependency_links to ../build/my_bot/my_bot.egg-info/dependency_links.txt
writing entry points to ../build/my_bot/my_bot.egg-info/entry_points.txt
writing requirements to ../build/my_bot/my_bot.egg-info/requires.txt
writing top-level names to ../build/my_bot/my_bot.egg-info/top_level.txt
writing manifest file '../build/my_bot/my_bot.egg-info/SOURCES.txt'
reading manifest file '../build/my_bot/my_bot.egg-info/SOURCES.txt'
writing manifest file '../build/my_bot/my_bot.egg-info/SOURCES.txt'
running build
running build_py
creating /home/ssafy/ros2_ws/src/build/my_bot/build
creating /home/ssafy/ros2_ws/src/build/my_bot/build/lib
creating /home/ssafy/ros2_ws/src/build/my_bot/build/lib/my_bot
copying my_bot/__init__.py -> /home/ssafy/ros2_ws/src/build/my_bot/build/lib/my_bot
copying my_bot/serial_bridge.py -> /home/ssafy/ros2_ws/src/build/my_bot/build/lib/my_bot
copying my_bot/converter.py -> /home/ssafy/ros2_ws/src/build/my_bot/build/lib/my_bot
running install
running install_lib
creating /home/ssafy/ros2_ws/src/install/my_bot/lib/python3.10/site-packages/my_bot
copying /home/ssafy/ros2_ws/src/build/my_bot/build/lib/my_bot/__init__.py -> /home/ssafy/ros2_ws/src/install/my_bot/lib/python3.10/site-packages/my_bot
copying /home/ssafy/ros2_ws/src/build/my_bot/build/lib/my_bot/serial_bridge.py -> /home/ssafy/ros2_ws/src/install/my_bot/lib/python3.10/site-packages/my_bot
copying /home/ssafy/ros2_ws/src/build/my_bot/build/lib/my_bot/converter.py -> /home/ssafy/ros2_ws/src/install/my_bot/lib/python3.10/site-packages/my_bot
byte-compiling /home/ssafy/ros2_ws/src/install/my_bot/lib/python3.10/site-packages/my_bot/__init__.py to __init__.cpython-310.pyc
byte-compiling /home/ssafy/ros2_ws/src/install/my_bot/lib/python3.10/site-packages/my_bot/serial_bridge.py to serial_bridge.cpython-310.pyc
byte-compiling /home/ssafy/ros2_ws/src/install/my_bot/lib/python3.10/site-packages/my_bot/converter.py to converter.cpython-310.pyc
running install_data
creating /home/ssafy/ros2_ws/src/install/my_bot/share/ament_index
creating /home/ssafy/ros2_ws/src/install/my_bot/share/ament_index/resource_index
creating /home/ssafy/ros2_ws/src/install/my_bot/share/ament_index/resource_index/packages
copying resource/my_bot -> /home/ssafy/ros2_ws/src/install/my_bot/share/ament_index/resource_index/packages
copying package.xml -> /home/ssafy/ros2_ws/src/install/my_bot/share/my_bot
creating /home/ssafy/ros2_ws/src/install/my_bot/share/my_bot/launch
copying launch/robot_state.launch.py -> /home/ssafy/ros2_ws/src/install/my_bot/share/my_bot/launch
creating /home/ssafy/ros2_ws/src/install/my_bot/share/my_bot/urdf
copying urdf/my_bot.urdf -> /home/ssafy/ros2_ws/src/install/my_bot/share/my_bot/urdf
running install_egg_info
Copying ../build/my_bot/my_bot.egg-info to /home/ssafy/ros2_ws/src/install/my_bot/lib/python3.10/site-packages/my_bot-0.0.0-py3.10.egg-info
running install_scripts
Installing serial_bridge script to /home/ssafy/ros2_ws/src/install/my_bot/lib/my_bot
writing list of installed files to '/home/ssafy/ros2_ws/src/build/my_bot/install.log'
