[0.437s] DEBUG:colcon:Command line arguments: ['/usr/bin/colcon', 'build', '--packages-select', 'my_bot', '--symlink-install']
[0.438s] DEBUG:colcon:Parsed command line arguments: Namespace(log_base=None, log_level=None, verb_name='build', build_base='build', install_base='install', merge_install=False, symlink_install=True, test_result_base=None, continue_on_error=False, executor='parallel', parallel_workers=4, event_handlers=None, ignore_user_meta=False, metas=['./colcon.meta'], base_paths=['.'], packages_ignore=None, packages_ignore_regex=None, paths=None, packages_up_to=None, packages_up_to_regex=None, packages_above=None, packages_above_and_dependencies=None, packages_above_depth=None, packages_select_by_dep=None, packages_skip_by_dep=None, packages_skip_up_to=None, packages_select_build_failed=False, packages_skip_build_finished=False, packages_select_test_failures=False, packages_skip_test_passed=False, packages_select=['my_bot'], packages_skip=None, packages_select_regex=None, packages_skip_regex=None, packages_start=None, packages_end=None, allow_overriding=[], cmake_args=None, cmake_target=None, cmake_target_skip_unavailable=False, cmake_clean_cache=False, cmake_clean_first=False, cmake_force_configure=False, ament_cmake_args=None, catkin_cmake_args=None, catkin_skip_building_tests=False, verb_parser=<colcon_defaults.argument_parser.defaults.DefaultArgumentsDecorator object at 0xffffae9dbb50>, verb_extension=<colcon_core.verb.build.BuildVerb object at 0xffffaebc0f70>, main=<bound method BuildVerb.main of <colcon_core.verb.build.BuildVerb object at 0xffffaebc0f70>>)
[1.213s] Level 1:colcon.colcon_core.package_discovery:discover_packages(colcon_meta) check parameters
[1.213s] Level 1:colcon.colcon_core.package_discovery:discover_packages(recursive) check parameters
[1.213s] Level 1:colcon.colcon_core.package_discovery:discover_packages(ignore) check parameters
[1.213s] Level 1:colcon.colcon_core.package_discovery:discover_packages(path) check parameters
[1.213s] Level 1:colcon.colcon_core.package_discovery:discover_packages(colcon_meta) discover
[1.214s] Level 1:colcon.colcon_core.package_discovery:discover_packages(recursive) discover
[1.214s] INFO:colcon.colcon_core.package_discovery:Crawling recursively for packages in '/home/ssafy/ros2_ws'
[1.214s] Level 1:colcon.colcon_core.package_identification:_identify(.) by extensions ['ignore', 'ignore_ament_install']
[1.215s] Level 1:colcon.colcon_core.package_identification:_identify(.) by extension 'ignore'
[1.215s] Level 1:colcon.colcon_core.package_identification:_identify(.) by extension 'ignore_ament_install'
[1.215s] Level 1:colcon.colcon_core.package_identification:_identify(.) by extensions ['colcon_pkg']
[1.215s] Level 1:colcon.colcon_core.package_identification:_identify(.) by extension 'colcon_pkg'
[1.215s] Level 1:colcon.colcon_core.package_identification:_identify(.) by extensions ['colcon_meta']
[1.215s] Level 1:colcon.colcon_core.package_identification:_identify(.) by extension 'colcon_meta'
[1.216s] Level 1:colcon.colcon_core.package_identification:_identify(.) by extensions ['ros']
[1.216s] Level 1:colcon.colcon_core.package_identification:_identify(.) by extension 'ros'
[1.262s] Level 1:colcon.colcon_core.package_identification:_identify(.) by extensions ['cmake', 'python']
[1.262s] Level 1:colcon.colcon_core.package_identification:_identify(.) by extension 'cmake'
[1.262s] Level 1:colcon.colcon_core.package_identification:_identify(.) by extension 'python'
[1.262s] Level 1:colcon.colcon_core.package_identification:_identify(.) by extensions ['python_setup_py']
[1.262s] Level 1:colcon.colcon_core.package_identification:_identify(.) by extension 'python_setup_py'
[1.263s] Level 1:colcon.colcon_core.package_identification:_identify(build) by extensions ['ignore', 'ignore_ament_install']
[1.263s] Level 1:colcon.colcon_core.package_identification:_identify(build) by extension 'ignore'
[1.264s] Level 1:colcon.colcon_core.package_identification:_identify(build) ignored
[1.264s] Level 1:colcon.colcon_core.package_identification:_identify(install) by extensions ['ignore', 'ignore_ament_install']
[1.264s] Level 1:colcon.colcon_core.package_identification:_identify(install) by extension 'ignore'
[1.265s] Level 1:colcon.colcon_core.package_identification:_identify(install) ignored
[1.265s] Level 1:colcon.colcon_core.package_identification:_identify(log) by extensions ['ignore', 'ignore_ament_install']
[1.265s] Level 1:colcon.colcon_core.package_identification:_identify(log) by extension 'ignore'
[1.265s] Level 1:colcon.colcon_core.package_identification:_identify(log) ignored
[1.266s] Level 1:colcon.colcon_core.package_identification:_identify(src) by extensions ['ignore', 'ignore_ament_install']
[1.266s] Level 1:colcon.colcon_core.package_identification:_identify(src) by extension 'ignore'
[1.266s] Level 1:colcon.colcon_core.package_identification:_identify(src) by extension 'ignore_ament_install'
[1.266s] Level 1:colcon.colcon_core.package_identification:_identify(src) by extensions ['colcon_pkg']
[1.267s] Level 1:colcon.colcon_core.package_identification:_identify(src) by extension 'colcon_pkg'
[1.267s] Level 1:colcon.colcon_core.package_identification:_identify(src) by extensions ['colcon_meta']
[1.267s] Level 1:colcon.colcon_core.package_identification:_identify(src) by extension 'colcon_meta'
[1.267s] Level 1:colcon.colcon_core.package_identification:_identify(src) by extensions ['ros']
[1.267s] Level 1:colcon.colcon_core.package_identification:_identify(src) by extension 'ros'
[1.267s] Level 1:colcon.colcon_core.package_identification:_identify(src) by extensions ['cmake', 'python']
[1.268s] Level 1:colcon.colcon_core.package_identification:_identify(src) by extension 'cmake'
[1.268s] Level 1:colcon.colcon_core.package_identification:_identify(src) by extension 'python'
[1.268s] Level 1:colcon.colcon_core.package_identification:_identify(src) by extensions ['python_setup_py']
[1.268s] Level 1:colcon.colcon_core.package_identification:_identify(src) by extension 'python_setup_py'
[1.268s] Level 1:colcon.colcon_core.package_identification:_identify(src/my_bot) by extensions ['ignore', 'ignore_ament_install']
[1.269s] Level 1:colcon.colcon_core.package_identification:_identify(src/my_bot) by extension 'ignore'
[1.269s] Level 1:colcon.colcon_core.package_identification:_identify(src/my_bot) by extension 'ignore_ament_install'
[1.269s] Level 1:colcon.colcon_core.package_identification:_identify(src/my_bot) by extensions ['colcon_pkg']
[1.269s] Level 1:colcon.colcon_core.package_identification:_identify(src/my_bot) by extension 'colcon_pkg'
[1.269s] Level 1:colcon.colcon_core.package_identification:_identify(src/my_bot) by extensions ['colcon_meta']
[1.270s] Level 1:colcon.colcon_core.package_identification:_identify(src/my_bot) by extension 'colcon_meta'
[1.270s] Level 1:colcon.colcon_core.package_identification:_identify(src/my_bot) by extensions ['ros']
[1.270s] Level 1:colcon.colcon_core.package_identification:_identify(src/my_bot) by extension 'ros'
[1.280s] DEBUG:colcon.colcon_core.package_identification:Package 'src/my_bot' with type 'ros.ament_python' and name 'my_bot'
[1.280s] Level 1:colcon.colcon_core.package_identification:_identify(src/sllidar_ros2) by extensions ['ignore', 'ignore_ament_install']
[1.281s] Level 1:colcon.colcon_core.package_identification:_identify(src/sllidar_ros2) by extension 'ignore'
[1.281s] Level 1:colcon.colcon_core.package_identification:_identify(src/sllidar_ros2) by extension 'ignore_ament_install'
[1.281s] Level 1:colcon.colcon_core.package_identification:_identify(src/sllidar_ros2) by extensions ['colcon_pkg']
[1.281s] Level 1:colcon.colcon_core.package_identification:_identify(src/sllidar_ros2) by extension 'colcon_pkg'
[1.281s] Level 1:colcon.colcon_core.package_identification:_identify(src/sllidar_ros2) by extensions ['colcon_meta']
[1.281s] Level 1:colcon.colcon_core.package_identification:_identify(src/sllidar_ros2) by extension 'colcon_meta'
[1.282s] Level 1:colcon.colcon_core.package_identification:_identify(src/sllidar_ros2) by extensions ['ros']
[1.282s] Level 1:colcon.colcon_core.package_identification:_identify(src/sllidar_ros2) by extension 'ros'
[1.284s] DEBUG:colcon.colcon_core.package_identification:Package 'src/sllidar_ros2' with type 'ros.ament_cmake' and name 'sllidar_ros2'
[1.285s] Level 1:colcon.colcon_core.package_discovery:discover_packages(recursive) using defaults
[1.285s] Level 1:colcon.colcon_core.package_discovery:discover_packages(ignore) discover
[1.285s] Level 1:colcon.colcon_core.package_discovery:discover_packages(ignore) using defaults
[1.285s] Level 1:colcon.colcon_core.package_discovery:discover_packages(path) discover
[1.285s] Level 1:colcon.colcon_core.package_discovery:discover_packages(path) using defaults
[1.363s] INFO:colcon.colcon_core.package_selection:Skipping not selected package 'sllidar_ros2' in 'src/sllidar_ros2'
[1.365s] Level 1:colcon.colcon_core.package_discovery:discover_packages(prefix_path) check parameters
[1.365s] Level 1:colcon.colcon_core.package_discovery:discover_packages(prefix_path) discover
[1.405s] WARNING:colcon.colcon_ros.prefix_path.ament:The path '/home/ssafy/ros2_ws/install/my_bot' in the environment variable AMENT_PREFIX_PATH doesn't exist
[1.406s] WARNING:colcon.colcon_ros.prefix_path.ament:The path '/home/ssafy/ros2_ws/install/sllidar_ros2' in the environment variable AMENT_PREFIX_PATH doesn't exist
[1.406s] WARNING:colcon.colcon_ros.prefix_path.catkin:The path '/home/ssafy/ros2_ws/install/sllidar_ros2' in the environment variable CMAKE_PREFIX_PATH doesn't exist
[1.410s] DEBUG:colcon.colcon_installed_package_information.package_discovery:Found 0 installed packages in /home/ssafy/ros2_ws/install
[1.419s] DEBUG:colcon.colcon_installed_package_information.package_discovery:Found 280 installed packages in /opt/ros/humble
[1.426s] Level 1:colcon.colcon_core.package_discovery:discover_packages(prefix_path) using defaults
[1.590s] Level 5:colcon.colcon_core.verb:set package 'my_bot' build argument 'cmake_args' from command line to 'None'
[1.590s] Level 5:colcon.colcon_core.verb:set package 'my_bot' build argument 'cmake_target' from command line to 'None'
[1.590s] Level 5:colcon.colcon_core.verb:set package 'my_bot' build argument 'cmake_target_skip_unavailable' from command line to 'False'
[1.590s] Level 5:colcon.colcon_core.verb:set package 'my_bot' build argument 'cmake_clean_cache' from command line to 'False'
[1.590s] Level 5:colcon.colcon_core.verb:set package 'my_bot' build argument 'cmake_clean_first' from command line to 'False'
[1.590s] Level 5:colcon.colcon_core.verb:set package 'my_bot' build argument 'cmake_force_configure' from command line to 'False'
[1.591s] Level 5:colcon.colcon_core.verb:set package 'my_bot' build argument 'ament_cmake_args' from command line to 'None'
[1.591s] Level 5:colcon.colcon_core.verb:set package 'my_bot' build argument 'catkin_cmake_args' from command line to 'None'
[1.591s] Level 5:colcon.colcon_core.verb:set package 'my_bot' build argument 'catkin_skip_building_tests' from command line to 'False'
[1.591s] DEBUG:colcon.colcon_core.verb:Building package 'my_bot' with the following arguments: {'ament_cmake_args': None, 'build_base': '/home/ssafy/ros2_ws/build/my_bot', 'catkin_cmake_args': None, 'catkin_skip_building_tests': False, 'cmake_args': None, 'cmake_clean_cache': False, 'cmake_clean_first': False, 'cmake_force_configure': False, 'cmake_target': None, 'cmake_target_skip_unavailable': False, 'install_base': '/home/ssafy/ros2_ws/install/my_bot', 'merge_install': False, 'path': '/home/ssafy/ros2_ws/src/my_bot', 'symlink_install': True, 'test_result_base': None}
[1.591s] INFO:colcon.colcon_core.executor:Executing jobs using 'parallel' executor
[1.595s] DEBUG:colcon.colcon_parallel_executor.executor.parallel:run_until_complete
[1.596s] INFO:colcon.colcon_ros.task.ament_python.build:Building ROS package in '/home/ssafy/ros2_ws/src/my_bot' with build type 'ament_python'
[1.596s] Level 1:colcon.colcon_core.shell:create_environment_hook('my_bot', 'ament_prefix_path')
[1.604s] INFO:colcon.colcon_core.plugin_system:Skipping extension 'colcon_core.shell.bat': Not used on non-Windows systems
[1.605s] INFO:colcon.colcon_core.shell:Creating environment hook '/home/ssafy/ros2_ws/install/my_bot/share/my_bot/hook/ament_prefix_path.ps1'
[1.608s] INFO:colcon.colcon_core.shell:Creating environment descriptor '/home/ssafy/ros2_ws/install/my_bot/share/my_bot/hook/ament_prefix_path.dsv'
[1.610s] INFO:colcon.colcon_core.shell:Creating environment hook '/home/ssafy/ros2_ws/install/my_bot/share/my_bot/hook/ament_prefix_path.sh'
[1.614s] INFO:colcon.colcon_core.shell:Skip shell extension 'powershell' for command environment: Not usable outside of PowerShell
[1.614s] DEBUG:colcon.colcon_core.shell:Skip shell extension 'dsv' for command environment
[2.777s] INFO:colcon.colcon_core.task.python.build:Building Python package in '/home/ssafy/ros2_ws/src/my_bot'
[2.778s] INFO:colcon.colcon_core.shell:Skip shell extension 'powershell' for command environment: Not usable outside of PowerShell
[2.779s] DEBUG:colcon.colcon_core.shell:Skip shell extension 'dsv' for command environment
[4.383s] DEBUG:colcon.colcon_core.event_handler.log_command:Invoking command in '/home/ssafy/ros2_ws/build/my_bot': PYTHONPATH=/home/ssafy/ros2_ws/build/my_bot/prefix_override:/usr/lib/python3/dist-packages/colcon_core/task/python/colcon_distutils_commands:/home/ssafy/ros2_ws/install/my_bot/lib/python3.10/site-packages:${PYTHONPATH} /usr/bin/python3 -W ignore:setup.py install is deprecated -W ignore:easy_install command is deprecated setup.py develop --editable --build-directory /home/ssafy/ros2_ws/build/my_bot/build --no-deps symlink_data
[6.422s] Level 1:colcon.colcon_core.shell:create_environment_hook('my_bot', 'pythonpath_develop')
[6.423s] INFO:colcon.colcon_core.shell:Creating environment hook '/home/ssafy/ros2_ws/build/my_bot/share/my_bot/hook/pythonpath_develop.ps1'
[6.424s] DEBUG:colcon.colcon_core.event_handler.log_command:Invoked command in '/home/ssafy/ros2_ws/build/my_bot' returned '0': PYTHONPATH=/home/ssafy/ros2_ws/build/my_bot/prefix_override:/usr/lib/python3/dist-packages/colcon_core/task/python/colcon_distutils_commands:/home/ssafy/ros2_ws/install/my_bot/lib/python3.10/site-packages:${PYTHONPATH} /usr/bin/python3 -W ignore:setup.py install is deprecated -W ignore:easy_install command is deprecated setup.py develop --editable --build-directory /home/ssafy/ros2_ws/build/my_bot/build --no-deps symlink_data
[6.427s] INFO:colcon.colcon_core.shell:Creating environment descriptor '/home/ssafy/ros2_ws/build/my_bot/share/my_bot/hook/pythonpath_develop.dsv'
[6.429s] INFO:colcon.colcon_core.shell:Creating environment hook '/home/ssafy/ros2_ws/build/my_bot/share/my_bot/hook/pythonpath_develop.sh'
[6.441s] Level 1:colcon.colcon_core.environment:checking '/home/ssafy/ros2_ws/install/my_bot' for CMake module files
[6.443s] Level 1:colcon.colcon_core.environment:checking '/home/ssafy/ros2_ws/install/my_bot' for CMake config files
[6.446s] Level 1:colcon.colcon_core.environment:checking '/home/ssafy/ros2_ws/install/my_bot/lib'
[6.447s] Level 1:colcon.colcon_core.environment:checking '/home/ssafy/ros2_ws/install/my_bot/bin'
[6.447s] Level 1:colcon.colcon_core.environment:checking '/home/ssafy/ros2_ws/install/my_bot/lib/pkgconfig/my_bot.pc'
[6.448s] Level 1:colcon.colcon_core.environment:checking '/home/ssafy/ros2_ws/install/my_bot/lib/python3.10/site-packages'
[6.449s] Level 1:colcon.colcon_core.shell:create_environment_hook('my_bot', 'pythonpath')
[6.449s] INFO:colcon.colcon_core.shell:Creating environment hook '/home/ssafy/ros2_ws/install/my_bot/share/my_bot/hook/pythonpath.ps1'
[6.451s] INFO:colcon.colcon_core.shell:Creating environment descriptor '/home/ssafy/ros2_ws/install/my_bot/share/my_bot/hook/pythonpath.dsv'
[6.453s] INFO:colcon.colcon_core.shell:Creating environment hook '/home/ssafy/ros2_ws/install/my_bot/share/my_bot/hook/pythonpath.sh'
[6.455s] Level 1:colcon.colcon_core.environment:checking '/home/ssafy/ros2_ws/install/my_bot/bin'
[6.456s] Level 1:colcon.colcon_core.environment:create_environment_scripts_only(my_bot)
[6.457s] INFO:colcon.colcon_core.shell:Creating package script '/home/ssafy/ros2_ws/install/my_bot/share/my_bot/package.ps1'
[6.460s] INFO:colcon.colcon_core.shell:Creating package descriptor '/home/ssafy/ros2_ws/install/my_bot/share/my_bot/package.dsv'
[6.463s] INFO:colcon.colcon_core.shell:Creating package script '/home/ssafy/ros2_ws/install/my_bot/share/my_bot/package.sh'
[6.466s] INFO:colcon.colcon_core.shell:Creating package script '/home/ssafy/ros2_ws/install/my_bot/share/my_bot/package.bash'
[6.469s] INFO:colcon.colcon_core.shell:Creating package script '/home/ssafy/ros2_ws/install/my_bot/share/my_bot/package.zsh'
[6.472s] Level 1:colcon.colcon_core.environment:create_file_with_runtime_dependencies(/home/ssafy/ros2_ws/install/my_bot/share/colcon-core/packages/my_bot)
[6.473s] DEBUG:colcon.colcon_parallel_executor.executor.parallel:closing loop
[6.474s] DEBUG:colcon.colcon_parallel_executor.executor.parallel:loop closed
[6.475s] DEBUG:colcon.colcon_parallel_executor.executor.parallel:run_until_complete finished with '0'
[6.475s] DEBUG:colcon.colcon_core.event_reactor:joining thread
[6.496s] INFO:colcon.colcon_core.plugin_system:Skipping extension 'colcon_notification.desktop_notification.terminal_notifier': Not used on non-Darwin systems
[6.497s] INFO:colcon.colcon_core.plugin_system:Skipping extension 'colcon_notification.desktop_notification.win32': Not used on non-Windows systems
[6.497s] INFO:colcon.colcon_notification.desktop_notification:Sending desktop notification using 'notify2'
[6.539s] DEBUG:colcon.colcon_core.event_reactor:joined thread
[6.541s] INFO:colcon.colcon_core.shell:Creating prefix script '/home/ssafy/ros2_ws/install/local_setup.ps1'
[6.545s] INFO:colcon.colcon_core.shell:Creating prefix util module '/home/ssafy/ros2_ws/install/_local_setup_util_ps1.py'
[6.551s] INFO:colcon.colcon_core.shell:Creating prefix chain script '/home/ssafy/ros2_ws/install/setup.ps1'
[6.556s] INFO:colcon.colcon_core.shell:Creating prefix script '/home/ssafy/ros2_ws/install/local_setup.sh'
[6.558s] INFO:colcon.colcon_core.shell:Creating prefix util module '/home/ssafy/ros2_ws/install/_local_setup_util_sh.py'
[6.561s] INFO:colcon.colcon_core.shell:Creating prefix chain script '/home/ssafy/ros2_ws/install/setup.sh'
[6.565s] INFO:colcon.colcon_core.shell:Creating prefix script '/home/ssafy/ros2_ws/install/local_setup.bash'
[6.567s] INFO:colcon.colcon_core.shell:Creating prefix chain script '/home/ssafy/ros2_ws/install/setup.bash'
[6.571s] INFO:colcon.colcon_core.shell:Creating prefix script '/home/ssafy/ros2_ws/install/local_setup.zsh'
[6.573s] INFO:colcon.colcon_core.shell:Creating prefix chain script '/home/ssafy/ros2_ws/install/setup.zsh'
